[0.129s] Invoking command in '/home/mohamad/Inmind/Robotics-Session7-Assignment/Session7_ros2_ws/build/custom_interfaces': CMAKE_PREFIX_PATH=${CMAKE_PREFIX_PATH}:/home/mohamad/Inmind/Robotics-Session7-Assignment/Session7_ros2_ws/install/navigation_robot:/home/mohamad/Inmind/Robotics-Session6-Assignment/Session6_ros2_ws/install/session6_assignment:/home/mohamad/Inmind/ros2_ws/install/session5_academy:/home/mohamad/Inmind/Robotics-Session5-Ros2/session5_ros2_ws/install/session5_assignment:/home/mohamad/ros2_ws/install/my_robot_controller:/opt/ros/humble /usr/bin/cmake --build /home/mohamad/Inmind/Robotics-Session7-Assignment/Session7_ros2_ws/build/custom_interfaces -- -j4 -l4
[0.376s] [  3%] Built target custom_interfaces__cpp
[0.458s] [  3%] Built target ament_cmake_python_copy_custom_interfaces
[0.511s] [ 12%] Built target custom_interfaces__rosidl_typesupport_fastrtps_cpp
[0.549s] [ 22%] Built target custom_interfaces__rosidl_typesupport_introspection_cpp
[1.544s] running egg_info
[1.546s] writing custom_interfaces.egg-info/PKG-INFO
[1.548s] writing dependency_links to custom_interfaces.egg-info/dependency_links.txt
[1.549s] writing top-level names to custom_interfaces.egg-info/top_level.txt
[1.556s] reading manifest file 'custom_interfaces.egg-info/SOURCES.txt'
[1.558s] writing manifest file 'custom_interfaces.egg-info/SOURCES.txt'
[1.668s] [ 22%] Built target ament_cmake_python_build_custom_interfaces_egg
[1.836s] [ 32%] Built target custom_interfaces__rosidl_typesupport_cpp
[1.944s] [ 41%] Built target custom_interfaces__rosidl_generator_c
[2.098s] [ 51%] Built target custom_interfaces__rosidl_typesupport_fastrtps_c
[2.220s] [ 61%] Built target custom_interfaces__rosidl_typesupport_c
[2.346s] [ 70%] Built target custom_interfaces__rosidl_typesupport_introspection_c
[2.474s] [ 70%] Built target custom_interfaces
[2.594s] [ 74%] Built target custom_interfaces__py
[2.733s] [ 80%] Built target custom_interfaces__rosidl_generator_py
[3.041s] [ 87%] Built target custom_interfaces__rosidl_typesupport_fastrtps_c__pyext
[3.205s] [ 93%] Built target custom_interfaces__rosidl_typesupport_c__pyext
[3.314s] [100%] Built target custom_interfaces__rosidl_typesupport_introspection_c__pyext
[3.383s] Invoked command in '/home/mohamad/Inmind/Robotics-Session7-Assignment/Session7_ros2_ws/build/custom_interfaces' returned '0': CMAKE_PREFIX_PATH=${CMAKE_PREFIX_PATH}:/home/mohamad/Inmind/Robotics-Session7-Assignment/Session7_ros2_ws/install/navigation_robot:/home/mohamad/Inmind/Robotics-Session6-Assignment/Session6_ros2_ws/install/session6_assignment:/home/mohamad/Inmind/ros2_ws/install/session5_academy:/home/mohamad/Inmind/Robotics-Session5-Ros2/session5_ros2_ws/install/session5_assignment:/home/mohamad/ros2_ws/install/my_robot_controller:/opt/ros/humble /usr/bin/cmake --build /home/mohamad/Inmind/Robotics-Session7-Assignment/Session7_ros2_ws/build/custom_interfaces -- -j4 -l4
[3.973s] Invoking command in '/home/mohamad/Inmind/Robotics-Session7-Assignment/Session7_ros2_ws/build/custom_interfaces': CMAKE_PREFIX_PATH=${CMAKE_PREFIX_PATH}:/home/mohamad/Inmind/Robotics-Session7-Assignment/Session7_ros2_ws/install/navigation_robot:/home/mohamad/Inmind/Robotics-Session6-Assignment/Session6_ros2_ws/install/session6_assignment:/home/mohamad/Inmind/ros2_ws/install/session5_academy:/home/mohamad/Inmind/Robotics-Session5-Ros2/session5_ros2_ws/install/session5_assignment:/home/mohamad/ros2_ws/install/my_robot_controller:/opt/ros/humble /usr/bin/cmake --install /home/mohamad/Inmind/Robotics-Session7-Assignment/Session7_ros2_ws/build/custom_interfaces
[4.014s] -- Install configuration: ""
[4.014s] -- Up-to-date: /home/mohamad/Inmind/Robotics-Session7-Assignment/Session7_ros2_ws/install/custom_interfaces/share/ament_index/resource_index/rosidl_interfaces/custom_interfaces
[4.014s] -- Up-to-date: /home/mohamad/Inmind/Robotics-Session7-Assignment/Session7_ros2_ws/install/custom_interfaces/include/custom_interfaces/custom_interfaces
[4.015s] -- Up-to-date: /home/mohamad/Inmind/Robotics-Session7-Assignment/Session7_ros2_ws/install/custom_interfaces/include/custom_interfaces/custom_interfaces/srv
[4.109s] -- Up-to-date: /home/mohamad/Inmind/Robotics-Session7-Assignment/Session7_ros2_ws/install/custom_interfaces/include/custom_interfaces/custom_interfaces/srv/detail
[4.109s] -- Up-to-date: /home/mohamad/Inmind/Robotics-Session7-Assignment/Session7_ros2_ws/install/custom_interfaces/include/custom_interfaces/custom_interfaces/srv/detail/find_closest_wall__functions.h
[4.109s] -- Up-to-date: /home/mohamad/Inmind/Robotics-Session7-Assignment/Session7_ros2_ws/install/custom_interfaces/include/custom_interfaces/custom_interfaces/srv/detail/find_closest_wall__type_support.h
[4.109s] -- Up-to-date: /home/mohamad/Inmind/Robotics-Session7-Assignment/Session7_ros2_ws/install/custom_interfaces/include/custom_interfaces/custom_interfaces/srv/detail/find_closest_wall__struct.h
[4.109s] -- Up-to-date: /home/mohamad/Inmind/Robotics-Session7-Assignment/Session7_ros2_ws/install/custom_interfaces/include/custom_interfaces/custom_interfaces/srv/detail/find_closest_wall__functions.c
[4.109s] -- Up-to-date: /home/mohamad/Inmind/Robotics-Session7-Assignment/Session7_ros2_ws/install/custom_interfaces/include/custom_interfaces/custom_interfaces/srv/find_closest_wall.h
[4.116s] -- Up-to-date: /home/mohamad/Inmind/Robotics-Session7-Assignment/Session7_ros2_ws/install/custom_interfaces/include/custom_interfaces/custom_interfaces/msg
[4.116s] -- Up-to-date: /home/mohamad/Inmind/Robotics-Session7-Assignment/Session7_ros2_ws/install/custom_interfaces/include/custom_interfaces/custom_interfaces/msg/rosidl_generator_c__visibility_control.h
[4.117s] -- Up-to-date: /home/mohamad/Inmind/Robotics-Session7-Assignment/Session7_ros2_ws/install/custom_interfaces/share/custom_interfaces/environment/library_path.sh
[4.117s] -- Up-to-date: /home/mohamad/Inmind/Robotics-Session7-Assignment/Session7_ros2_ws/install/custom_interfaces/share/custom_interfaces/environment/library_path.dsv
[4.117s] -- Up-to-date: /home/mohamad/Inmind/Robotics-Session7-Assignment/Session7_ros2_ws/install/custom_interfaces/lib/libcustom_interfaces__rosidl_generator_c.so
[4.117s] -- Up-to-date: /home/mohamad/Inmind/Robotics-Session7-Assignment/Session7_ros2_ws/install/custom_interfaces/include/custom_interfaces/custom_interfaces
[4.117s] -- Up-to-date: /home/mohamad/Inmind/Robotics-Session7-Assignment/Session7_ros2_ws/install/custom_interfaces/include/custom_interfaces/custom_interfaces/srv
[4.117s] -- Up-to-date: /home/mohamad/Inmind/Robotics-Session7-Assignment/Session7_ros2_ws/install/custom_interfaces/include/custom_interfaces/custom_interfaces/srv/detail
[4.147s] -- Up-to-date: /home/mohamad/Inmind/Robotics-Session7-Assignment/Session7_ros2_ws/install/custom_interfaces/include/custom_interfaces/custom_interfaces/srv/detail/find_closest_wall__rosidl_typesupport_fastrtps_c.h
[4.147s] -- Up-to-date: /home/mohamad/Inmind/Robotics-Session7-Assignment/Session7_ros2_ws/install/custom_interfaces/include/custom_interfaces/custom_interfaces/msg
[4.147s] -- Up-to-date: /home/mohamad/Inmind/Robotics-Session7-Assignment/Session7_ros2_ws/install/custom_interfaces/include/custom_interfaces/custom_interfaces/msg/rosidl_typesupport_fastrtps_c__visibility_control.h
[4.147s] -- Up-to-date: /home/mohamad/Inmind/Robotics-Session7-Assignment/Session7_ros2_ws/install/custom_interfaces/lib/libcustom_interfaces__rosidl_typesupport_fastrtps_c.so
[4.147s] -- Up-to-date: /home/mohamad/Inmind/Robotics-Session7-Assignment/Session7_ros2_ws/install/custom_interfaces/include/custom_interfaces/custom_interfaces
[4.147s] -- Up-to-date: /home/mohamad/Inmind/Robotics-Session7-Assignment/Session7_ros2_ws/install/custom_interfaces/include/custom_interfaces/custom_interfaces/srv
[4.147s] -- Up-to-date: /home/mohamad/Inmind/Robotics-Session7-Assignment/Session7_ros2_ws/install/custom_interfaces/include/custom_interfaces/custom_interfaces/srv/find_closest_wall.hpp
[4.148s] -- Up-to-date: /home/mohamad/Inmind/Robotics-Session7-Assignment/Session7_ros2_ws/install/custom_interfaces/include/custom_interfaces/custom_interfaces/srv/detail
[4.148s] -- Up-to-date: /home/mohamad/Inmind/Robotics-Session7-Assignment/Session7_ros2_ws/install/custom_interfaces/include/custom_interfaces/custom_interfaces/srv/detail/find_closest_wall__builder.hpp
[4.148s] -- Up-to-date: /home/mohamad/Inmind/Robotics-Session7-Assignment/Session7_ros2_ws/install/custom_interfaces/include/custom_interfaces/custom_interfaces/srv/detail/find_closest_wall__traits.hpp
[4.148s] -- Up-to-date: /home/mohamad/Inmind/Robotics-Session7-Assignment/Session7_ros2_ws/install/custom_interfaces/include/custom_interfaces/custom_interfaces/srv/detail/find_closest_wall__struct.hpp
[4.148s] -- Up-to-date: /home/mohamad/Inmind/Robotics-Session7-Assignment/Session7_ros2_ws/install/custom_interfaces/include/custom_interfaces/custom_interfaces
[4.148s] -- Up-to-date: /home/mohamad/Inmind/Robotics-Session7-Assignment/Session7_ros2_ws/install/custom_interfaces/include/custom_interfaces/custom_interfaces/srv
[4.148s] -- Up-to-date: /home/mohamad/Inmind/Robotics-Session7-Assignment/Session7_ros2_ws/install/custom_interfaces/include/custom_interfaces/custom_interfaces/srv/detail
[4.148s] -- Up-to-date: /home/mohamad/Inmind/Robotics-Session7-Assignment/Session7_ros2_ws/install/custom_interfaces/include/custom_interfaces/custom_interfaces/srv/detail/dds_fastrtps
[4.148s] -- Up-to-date: /home/mohamad/Inmind/Robotics-Session7-Assignment/Session7_ros2_ws/install/custom_interfaces/include/custom_interfaces/custom_interfaces/srv/detail/find_closest_wall__rosidl_typesupport_fastrtps_cpp.hpp
[4.148s] -- Up-to-date: /home/mohamad/Inmind/Robotics-Session7-Assignment/Session7_ros2_ws/install/custom_interfaces/include/custom_interfaces/custom_interfaces/msg
[4.148s] -- Up-to-date: /home/mohamad/Inmind/Robotics-Session7-Assignment/Session7_ros2_ws/install/custom_interfaces/include/custom_interfaces/custom_interfaces/msg/rosidl_typesupport_fastrtps_cpp__visibility_control.h
[4.148s] -- Up-to-date: /home/mohamad/Inmind/Robotics-Session7-Assignment/Session7_ros2_ws/install/custom_interfaces/lib/libcustom_interfaces__rosidl_typesupport_fastrtps_cpp.so
[4.148s] -- Up-to-date: /home/mohamad/Inmind/Robotics-Session7-Assignment/Session7_ros2_ws/install/custom_interfaces/include/custom_interfaces/custom_interfaces
[4.149s] -- Up-to-date: /home/mohamad/Inmind/Robotics-Session7-Assignment/Session7_ros2_ws/install/custom_interfaces/include/custom_interfaces/custom_interfaces/srv
[4.149s] -- Up-to-date: /home/mohamad/Inmind/Robotics-Session7-Assignment/Session7_ros2_ws/install/custom_interfaces/include/custom_interfaces/custom_interfaces/srv/detail
[4.149s] -- Up-to-date: /home/mohamad/Inmind/Robotics-Session7-Assignment/Session7_ros2_ws/install/custom_interfaces/include/custom_interfaces/custom_interfaces/srv/detail/find_closest_wall__rosidl_typesupport_introspection_c.h
[4.149s] -- Up-to-date: /home/mohamad/Inmind/Robotics-Session7-Assignment/Session7_ros2_ws/install/custom_interfaces/include/custom_interfaces/custom_interfaces/srv/detail/find_closest_wall__type_support.c
[4.149s] -- Up-to-date: /home/mohamad/Inmind/Robotics-Session7-Assignment/Session7_ros2_ws/install/custom_interfaces/include/custom_interfaces/custom_interfaces/msg
[4.149s] -- Up-to-date: /home/mohamad/Inmind/Robotics-Session7-Assignment/Session7_ros2_ws/install/custom_interfaces/include/custom_interfaces/custom_interfaces/msg/rosidl_typesupport_introspection_c__visibility_control.h
[4.149s] -- Up-to-date: /home/mohamad/Inmind/Robotics-Session7-Assignment/Session7_ros2_ws/install/custom_interfaces/lib/libcustom_interfaces__rosidl_typesupport_introspection_c.so
[4.149s] -- Up-to-date: /home/mohamad/Inmind/Robotics-Session7-Assignment/Session7_ros2_ws/install/custom_interfaces/lib/libcustom_interfaces__rosidl_typesupport_c.so
[4.149s] -- Up-to-date: /home/mohamad/Inmind/Robotics-Session7-Assignment/Session7_ros2_ws/install/custom_interfaces/include/custom_interfaces/custom_interfaces
[4.149s] -- Up-to-date: /home/mohamad/Inmind/Robotics-Session7-Assignment/Session7_ros2_ws/install/custom_interfaces/include/custom_interfaces/custom_interfaces/srv
[4.149s] -- Up-to-date: /home/mohamad/Inmind/Robotics-Session7-Assignment/Session7_ros2_ws/install/custom_interfaces/include/custom_interfaces/custom_interfaces/srv/detail
[4.149s] -- Up-to-date: /home/mohamad/Inmind/Robotics-Session7-Assignment/Session7_ros2_ws/install/custom_interfaces/include/custom_interfaces/custom_interfaces/srv/detail/find_closest_wall__type_support.cpp
[4.150s] -- Up-to-date: /home/mohamad/Inmind/Robotics-Session7-Assignment/Session7_ros2_ws/install/custom_interfaces/include/custom_interfaces/custom_interfaces/srv/detail/find_closest_wall__rosidl_typesupport_introspection_cpp.hpp
[4.150s] -- Up-to-date: /home/mohamad/Inmind/Robotics-Session7-Assignment/Session7_ros2_ws/install/custom_interfaces/lib/libcustom_interfaces__rosidl_typesupport_introspection_cpp.so
[4.150s] -- Up-to-date: /home/mohamad/Inmind/Robotics-Session7-Assignment/Session7_ros2_ws/install/custom_interfaces/lib/libcustom_interfaces__rosidl_typesupport_cpp.so
[4.150s] -- Up-to-date: /home/mohamad/Inmind/Robotics-Session7-Assignment/Session7_ros2_ws/install/custom_interfaces/share/custom_interfaces/environment/pythonpath.sh
[4.150s] -- Up-to-date: /home/mohamad/Inmind/Robotics-Session7-Assignment/Session7_ros2_ws/install/custom_interfaces/share/custom_interfaces/environment/pythonpath.dsv
[4.150s] -- Up-to-date: /home/mohamad/Inmind/Robotics-Session7-Assignment/Session7_ros2_ws/install/custom_interfaces/local/lib/python3.10/dist-packages/custom_interfaces-0.0.0-py3.10.egg-info
[4.150s] -- Installing: /home/mohamad/Inmind/Robotics-Session7-Assignment/Session7_ros2_ws/install/custom_interfaces/local/lib/python3.10/dist-packages/custom_interfaces-0.0.0-py3.10.egg-info/top_level.txt
[4.150s] -- Installing: /home/mohamad/Inmind/Robotics-Session7-Assignment/Session7_ros2_ws/install/custom_interfaces/local/lib/python3.10/dist-packages/custom_interfaces-0.0.0-py3.10.egg-info/dependency_links.txt
[4.150s] -- Installing: /home/mohamad/Inmind/Robotics-Session7-Assignment/Session7_ros2_ws/install/custom_interfaces/local/lib/python3.10/dist-packages/custom_interfaces-0.0.0-py3.10.egg-info/PKG-INFO
[4.150s] -- Installing: /home/mohamad/Inmind/Robotics-Session7-Assignment/Session7_ros2_ws/install/custom_interfaces/local/lib/python3.10/dist-packages/custom_interfaces-0.0.0-py3.10.egg-info/SOURCES.txt
[4.150s] -- Up-to-date: /home/mohamad/Inmind/Robotics-Session7-Assignment/Session7_ros2_ws/install/custom_interfaces/local/lib/python3.10/dist-packages/custom_interfaces
[4.150s] -- Up-to-date: /home/mohamad/Inmind/Robotics-Session7-Assignment/Session7_ros2_ws/install/custom_interfaces/local/lib/python3.10/dist-packages/custom_interfaces/custom_interfaces_s__rosidl_typesupport_fastrtps_c.cpython-310-x86_64-linux-gnu.so
[4.151s] -- Up-to-date: /home/mohamad/Inmind/Robotics-Session7-Assignment/Session7_ros2_ws/install/custom_interfaces/local/lib/python3.10/dist-packages/custom_interfaces/custom_interfaces_s__rosidl_typesupport_introspection_c.cpython-310-x86_64-linux-gnu.so
[4.151s] -- Up-to-date: /home/mohamad/Inmind/Robotics-Session7-Assignment/Session7_ros2_ws/install/custom_interfaces/local/lib/python3.10/dist-packages/custom_interfaces/libcustom_interfaces__rosidl_generator_py.so
[4.151s] -- Up-to-date: /home/mohamad/Inmind/Robotics-Session7-Assignment/Session7_ros2_ws/install/custom_interfaces/local/lib/python3.10/dist-packages/custom_interfaces/_custom_interfaces_s.ep.rosidl_typesupport_introspection_c.c
[4.151s] -- Up-to-date: /home/mohamad/Inmind/Robotics-Session7-Assignment/Session7_ros2_ws/install/custom_interfaces/local/lib/python3.10/dist-packages/custom_interfaces/srv
[4.151s] -- Up-to-date: /home/mohamad/Inmind/Robotics-Session7-Assignment/Session7_ros2_ws/install/custom_interfaces/local/lib/python3.10/dist-packages/custom_interfaces/srv/_find_closest_wall_s.c
[4.151s] -- Up-to-date: /home/mohamad/Inmind/Robotics-Session7-Assignment/Session7_ros2_ws/install/custom_interfaces/local/lib/python3.10/dist-packages/custom_interfaces/srv/__init__.py
[4.151s] -- Up-to-date: /home/mohamad/Inmind/Robotics-Session7-Assignment/Session7_ros2_ws/install/custom_interfaces/local/lib/python3.10/dist-packages/custom_interfaces/srv/_find_closest_wall.py
[4.151s] -- Up-to-date: /home/mohamad/Inmind/Robotics-Session7-Assignment/Session7_ros2_ws/install/custom_interfaces/local/lib/python3.10/dist-packages/custom_interfaces/_custom_interfaces_s.ep.rosidl_typesupport_c.c
[4.151s] -- Up-to-date: /home/mohamad/Inmind/Robotics-Session7-Assignment/Session7_ros2_ws/install/custom_interfaces/local/lib/python3.10/dist-packages/custom_interfaces/__init__.py
[4.151s] -- Up-to-date: /home/mohamad/Inmind/Robotics-Session7-Assignment/Session7_ros2_ws/install/custom_interfaces/local/lib/python3.10/dist-packages/custom_interfaces/_custom_interfaces_s.ep.rosidl_typesupport_fastrtps_c.c
[4.151s] -- Up-to-date: /home/mohamad/Inmind/Robotics-Session7-Assignment/Session7_ros2_ws/install/custom_interfaces/local/lib/python3.10/dist-packages/custom_interfaces/custom_interfaces_s__rosidl_typesupport_c.cpython-310-x86_64-linux-gnu.so
[4.313s] Listing '/home/mohamad/Inmind/Robotics-Session7-Assignment/Session7_ros2_ws/install/custom_interfaces/local/lib/python3.10/dist-packages/custom_interfaces'...
[4.314s] Listing '/home/mohamad/Inmind/Robotics-Session7-Assignment/Session7_ros2_ws/install/custom_interfaces/local/lib/python3.10/dist-packages/custom_interfaces/srv'...
[4.325s] -- Up-to-date: /home/mohamad/Inmind/Robotics-Session7-Assignment/Session7_ros2_ws/install/custom_interfaces/local/lib/python3.10/dist-packages/custom_interfaces/custom_interfaces_s__rosidl_typesupport_fastrtps_c.cpython-310-x86_64-linux-gnu.so
[4.326s] -- Up-to-date: /home/mohamad/Inmind/Robotics-Session7-Assignment/Session7_ros2_ws/install/custom_interfaces/local/lib/python3.10/dist-packages/custom_interfaces/custom_interfaces_s__rosidl_typesupport_introspection_c.cpython-310-x86_64-linux-gnu.so
[4.327s] -- Up-to-date: /home/mohamad/Inmind/Robotics-Session7-Assignment/Session7_ros2_ws/install/custom_interfaces/local/lib/python3.10/dist-packages/custom_interfaces/custom_interfaces_s__rosidl_typesupport_c.cpython-310-x86_64-linux-gnu.so
[4.327s] -- Up-to-date: /home/mohamad/Inmind/Robotics-Session7-Assignment/Session7_ros2_ws/install/custom_interfaces/lib/libcustom_interfaces__rosidl_generator_py.so
[4.334s] -- Up-to-date: /home/mohamad/Inmind/Robotics-Session7-Assignment/Session7_ros2_ws/install/custom_interfaces/share/custom_interfaces/srv/FindClosestWall.idl
[4.337s] -- Up-to-date: /home/mohamad/Inmind/Robotics-Session7-Assignment/Session7_ros2_ws/install/custom_interfaces/share/custom_interfaces/srv/FindClosestWall.srv
[4.338s] -- Up-to-date: /home/mohamad/Inmind/Robotics-Session7-Assignment/Session7_ros2_ws/install/custom_interfaces/share/custom_interfaces/srv/FindClosestWall_Request.msg
[4.345s] -- Up-to-date: /home/mohamad/Inmind/Robotics-Session7-Assignment/Session7_ros2_ws/install/custom_interfaces/share/custom_interfaces/srv/FindClosestWall_Response.msg
[4.345s] -- Up-to-date: /home/mohamad/Inmind/Robotics-Session7-Assignment/Session7_ros2_ws/install/custom_interfaces/share/ament_index/resource_index/package_run_dependencies/custom_interfaces
[4.345s] -- Up-to-date: /home/mohamad/Inmind/Robotics-Session7-Assignment/Session7_ros2_ws/install/custom_interfaces/share/ament_index/resource_index/parent_prefix_path/custom_interfaces
[4.345s] -- Up-to-date: /home/mohamad/Inmind/Robotics-Session7-Assignment/Session7_ros2_ws/install/custom_interfaces/share/custom_interfaces/environment/ament_prefix_path.sh
[4.345s] -- Up-to-date: /home/mohamad/Inmind/Robotics-Session7-Assignment/Session7_ros2_ws/install/custom_interfaces/share/custom_interfaces/environment/ament_prefix_path.dsv
[4.345s] -- Up-to-date: /home/mohamad/Inmind/Robotics-Session7-Assignment/Session7_ros2_ws/install/custom_interfaces/share/custom_interfaces/environment/path.sh
[4.345s] -- Up-to-date: /home/mohamad/Inmind/Robotics-Session7-Assignment/Session7_ros2_ws/install/custom_interfaces/share/custom_interfaces/environment/path.dsv
[4.345s] -- Up-to-date: /home/mohamad/Inmind/Robotics-Session7-Assignment/Session7_ros2_ws/install/custom_interfaces/share/custom_interfaces/local_setup.bash
[4.345s] -- Up-to-date: /home/mohamad/Inmind/Robotics-Session7-Assignment/Session7_ros2_ws/install/custom_interfaces/share/custom_interfaces/local_setup.sh
[4.345s] -- Up-to-date: /home/mohamad/Inmind/Robotics-Session7-Assignment/Session7_ros2_ws/install/custom_interfaces/share/custom_interfaces/local_setup.zsh
[4.345s] -- Up-to-date: /home/mohamad/Inmind/Robotics-Session7-Assignment/Session7_ros2_ws/install/custom_interfaces/share/custom_interfaces/local_setup.dsv
[4.345s] -- Installing: /home/mohamad/Inmind/Robotics-Session7-Assignment/Session7_ros2_ws/install/custom_interfaces/share/custom_interfaces/package.dsv
[4.345s] -- Up-to-date: /home/mohamad/Inmind/Robotics-Session7-Assignment/Session7_ros2_ws/install/custom_interfaces/share/ament_index/resource_index/packages/custom_interfaces
[4.345s] -- Up-to-date: /home/mohamad/Inmind/Robotics-Session7-Assignment/Session7_ros2_ws/install/custom_interfaces/share/custom_interfaces/cmake/export_custom_interfaces__rosidl_generator_cExport.cmake
[4.346s] -- Up-to-date: /home/mohamad/Inmind/Robotics-Session7-Assignment/Session7_ros2_ws/install/custom_interfaces/share/custom_interfaces/cmake/export_custom_interfaces__rosidl_generator_cExport-noconfig.cmake
[4.346s] -- Up-to-date: /home/mohamad/Inmind/Robotics-Session7-Assignment/Session7_ros2_ws/install/custom_interfaces/share/custom_interfaces/cmake/export_custom_interfaces__rosidl_typesupport_fastrtps_cExport.cmake
[4.346s] -- Up-to-date: /home/mohamad/Inmind/Robotics-Session7-Assignment/Session7_ros2_ws/install/custom_interfaces/share/custom_interfaces/cmake/export_custom_interfaces__rosidl_typesupport_fastrtps_cExport-noconfig.cmake
[4.346s] -- Up-to-date: /home/mohamad/Inmind/Robotics-Session7-Assignment/Session7_ros2_ws/install/custom_interfaces/share/custom_interfaces/cmake/export_custom_interfaces__rosidl_generator_cppExport.cmake
[4.346s] -- Up-to-date: /home/mohamad/Inmind/Robotics-Session7-Assignment/Session7_ros2_ws/install/custom_interfaces/share/custom_interfaces/cmake/export_custom_interfaces__rosidl_typesupport_fastrtps_cppExport.cmake
[4.346s] -- Up-to-date: /home/mohamad/Inmind/Robotics-Session7-Assignment/Session7_ros2_ws/install/custom_interfaces/share/custom_interfaces/cmake/export_custom_interfaces__rosidl_typesupport_fastrtps_cppExport-noconfig.cmake
[4.346s] -- Up-to-date: /home/mohamad/Inmind/Robotics-Session7-Assignment/Session7_ros2_ws/install/custom_interfaces/share/custom_interfaces/cmake/custom_interfaces__rosidl_typesupport_introspection_cExport.cmake
[4.346s] -- Up-to-date: /home/mohamad/Inmind/Robotics-Session7-Assignment/Session7_ros2_ws/install/custom_interfaces/share/custom_interfaces/cmake/custom_interfaces__rosidl_typesupport_introspection_cExport-noconfig.cmake
[4.346s] -- Up-to-date: /home/mohamad/Inmind/Robotics-Session7-Assignment/Session7_ros2_ws/install/custom_interfaces/share/custom_interfaces/cmake/custom_interfaces__rosidl_typesupport_cExport.cmake
[4.346s] -- Up-to-date: /home/mohamad/Inmind/Robotics-Session7-Assignment/Session7_ros2_ws/install/custom_interfaces/share/custom_interfaces/cmake/custom_interfaces__rosidl_typesupport_cExport-noconfig.cmake
[4.347s] -- Up-to-date: /home/mohamad/Inmind/Robotics-Session7-Assignment/Session7_ros2_ws/install/custom_interfaces/share/custom_interfaces/cmake/custom_interfaces__rosidl_typesupport_introspection_cppExport.cmake
[4.347s] -- Up-to-date: /home/mohamad/Inmind/Robotics-Session7-Assignment/Session7_ros2_ws/install/custom_interfaces/share/custom_interfaces/cmake/custom_interfaces__rosidl_typesupport_introspection_cppExport-noconfig.cmake
[4.347s] -- Up-to-date: /home/mohamad/Inmind/Robotics-Session7-Assignment/Session7_ros2_ws/install/custom_interfaces/share/custom_interfaces/cmake/custom_interfaces__rosidl_typesupport_cppExport.cmake
[4.347s] -- Up-to-date: /home/mohamad/Inmind/Robotics-Session7-Assignment/Session7_ros2_ws/install/custom_interfaces/share/custom_interfaces/cmake/custom_interfaces__rosidl_typesupport_cppExport-noconfig.cmake
[4.347s] -- Up-to-date: /home/mohamad/Inmind/Robotics-Session7-Assignment/Session7_ros2_ws/install/custom_interfaces/share/custom_interfaces/cmake/export_custom_interfaces__rosidl_generator_pyExport.cmake
[4.347s] -- Up-to-date: /home/mohamad/Inmind/Robotics-Session7-Assignment/Session7_ros2_ws/install/custom_interfaces/share/custom_interfaces/cmake/export_custom_interfaces__rosidl_generator_pyExport-noconfig.cmake
[4.360s] -- Up-to-date: /home/mohamad/Inmind/Robotics-Session7-Assignment/Session7_ros2_ws/install/custom_interfaces/share/custom_interfaces/cmake/rosidl_cmake-extras.cmake
[4.360s] -- Up-to-date: /home/mohamad/Inmind/Robotics-Session7-Assignment/Session7_ros2_ws/install/custom_interfaces/share/custom_interfaces/cmake/ament_cmake_export_include_directories-extras.cmake
[4.360s] -- Up-to-date: /home/mohamad/Inmind/Robotics-Session7-Assignment/Session7_ros2_ws/install/custom_interfaces/share/custom_interfaces/cmake/ament_cmake_export_libraries-extras.cmake
[4.360s] -- Up-to-date: /home/mohamad/Inmind/Robotics-Session7-Assignment/Session7_ros2_ws/install/custom_interfaces/share/custom_interfaces/cmake/ament_cmake_export_targets-extras.cmake
[4.360s] -- Up-to-date: /home/mohamad/Inmind/Robotics-Session7-Assignment/Session7_ros2_ws/install/custom_interfaces/share/custom_interfaces/cmake/rosidl_cmake_export_typesupport_targets-extras.cmake
[4.360s] -- Up-to-date: /home/mohamad/Inmind/Robotics-Session7-Assignment/Session7_ros2_ws/install/custom_interfaces/share/custom_interfaces/cmake/ament_cmake_export_dependencies-extras.cmake
[4.360s] -- Up-to-date: /home/mohamad/Inmind/Robotics-Session7-Assignment/Session7_ros2_ws/install/custom_interfaces/share/custom_interfaces/cmake/rosidl_cmake_export_typesupport_libraries-extras.cmake
[4.361s] -- Up-to-date: /home/mohamad/Inmind/Robotics-Session7-Assignment/Session7_ros2_ws/install/custom_interfaces/share/custom_interfaces/cmake/custom_interfacesConfig.cmake
[4.361s] -- Up-to-date: /home/mohamad/Inmind/Robotics-Session7-Assignment/Session7_ros2_ws/install/custom_interfaces/share/custom_interfaces/cmake/custom_interfacesConfig-version.cmake
[4.361s] -- Up-to-date: /home/mohamad/Inmind/Robotics-Session7-Assignment/Session7_ros2_ws/install/custom_interfaces/share/custom_interfaces/package.xml
[4.363s] Invoked command in '/home/mohamad/Inmind/Robotics-Session7-Assignment/Session7_ros2_ws/build/custom_interfaces' returned '0': CMAKE_PREFIX_PATH=${CMAKE_PREFIX_PATH}:/home/mohamad/Inmind/Robotics-Session7-Assignment/Session7_ros2_ws/install/navigation_robot:/home/mohamad/Inmind/Robotics-Session6-Assignment/Session6_ros2_ws/install/session6_assignment:/home/mohamad/Inmind/ros2_ws/install/session5_academy:/home/mohamad/Inmind/Robotics-Session5-Ros2/session5_ros2_ws/install/session5_assignment:/home/mohamad/ros2_ws/install/my_robot_controller:/opt/ros/humble /usr/bin/cmake --install /home/mohamad/Inmind/Robotics-Session7-Assignment/Session7_ros2_ws/build/custom_interfaces
