[2.689s] Invoking command in '/home/mohamad/Inmind/Robotics-Session7-Assignment/Session7_ros2_ws/src/navigation_robot': PYTHONPATH=/home/mohamad/Inmind/Robotics-Session7-Assignment/Session7_ros2_ws/build/navigation_robot/prefix_override:/usr/lib/python3/dist-packages/colcon_core/task/python/colcon_distutils_commands:/home/mohamad/Inmind/Robotics-Session7-Assignment/Session7_ros2_ws/install/navigation_robot/lib/python3.10/site-packages:${PYTHONPATH} /usr/bin/python3 -W ignore:setup.py install is deprecated setup.py egg_info --egg-base ../../build/navigation_robot build --build-base /home/mohamad/Inmind/Robotics-Session7-Assignment/Session7_ros2_ws/build/navigation_robot/build install --record /home/mohamad/Inmind/Robotics-Session7-Assignment/Session7_ros2_ws/build/navigation_robot/install.log --single-version-externally-managed install_data
[3.981s] running egg_info
[3.983s] writing ../../build/navigation_robot/navigation_robot.egg-info/PKG-INFO
[3.984s] writing dependency_links to ../../build/navigation_robot/navigation_robot.egg-info/dependency_links.txt
[3.985s] writing entry points to ../../build/navigation_robot/navigation_robot.egg-info/entry_points.txt
[3.990s] writing requirements to ../../build/navigation_robot/navigation_robot.egg-info/requires.txt
[3.990s] writing top-level names to ../../build/navigation_robot/navigation_robot.egg-info/top_level.txt
[3.998s] reading manifest file '../../build/navigation_robot/navigation_robot.egg-info/SOURCES.txt'
[4.037s] writing manifest file '../../build/navigation_robot/navigation_robot.egg-info/SOURCES.txt'
[4.037s] running build
[4.039s] running build_py
[4.040s] copying navigation_robot/wall_finder_service.py -> /home/mohamad/Inmind/Robotics-Session7-Assignment/Session7_ros2_ws/build/navigation_robot/build/lib/navigation_robot
[4.043s] running install
[4.044s] running install_lib
[4.049s] copying /home/mohamad/Inmind/Robotics-Session7-Assignment/Session7_ros2_ws/build/navigation_robot/build/lib/navigation_robot/wall_finder_service.py -> /home/mohamad/Inmind/Robotics-Session7-Assignment/Session7_ros2_ws/install/navigation_robot/lib/python3.10/site-packages/navigation_robot
[4.053s] byte-compiling /home/mohamad/Inmind/Robotics-Session7-Assignment/Session7_ros2_ws/install/navigation_robot/lib/python3.10/site-packages/navigation_robot/wall_finder_service.py to wall_finder_service.cpython-310.pyc
[4.059s] running install_data
[4.060s] running install_egg_info
[4.062s] removing '/home/mohamad/Inmind/Robotics-Session7-Assignment/Session7_ros2_ws/install/navigation_robot/lib/python3.10/site-packages/navigation_robot-0.0.0-py3.10.egg-info' (and everything under it)
[4.063s] Copying ../../build/navigation_robot/navigation_robot.egg-info to /home/mohamad/Inmind/Robotics-Session7-Assignment/Session7_ros2_ws/install/navigation_robot/lib/python3.10/site-packages/navigation_robot-0.0.0-py3.10.egg-info
[4.064s] running install_scripts
[4.100s] Installing wall_finder script to /home/mohamad/Inmind/Robotics-Session7-Assignment/Session7_ros2_ws/install/navigation_robot/lib/navigation_robot
[4.102s] writing list of installed files to '/home/mohamad/Inmind/Robotics-Session7-Assignment/Session7_ros2_ws/build/navigation_robot/install.log'
[4.156s] Invoked command in '/home/mohamad/Inmind/Robotics-Session7-Assignment/Session7_ros2_ws/src/navigation_robot' returned '0': PYTHONPATH=/home/mohamad/Inmind/Robotics-Session7-Assignment/Session7_ros2_ws/build/navigation_robot/prefix_override:/usr/lib/python3/dist-packages/colcon_core/task/python/colcon_distutils_commands:/home/mohamad/Inmind/Robotics-Session7-Assignment/Session7_ros2_ws/install/navigation_robot/lib/python3.10/site-packages:${PYTHONPATH} /usr/bin/python3 -W ignore:setup.py install is deprecated setup.py egg_info --egg-base ../../build/navigation_robot build --build-base /home/mohamad/Inmind/Robotics-Session7-Assignment/Session7_ros2_ws/build/navigation_robot/build install --record /home/mohamad/Inmind/Robotics-Session7-Assignment/Session7_ros2_ws/build/navigation_robot/install.log --single-version-externally-managed install_data
