[0.189s] DEBUG:colcon:Command line arguments: ['/usr/bin/colcon', 'build']
[0.189s] DEBUG:colcon:Parsed command line arguments: Namespace(log_base=None, log_level=None, verb_name='build', build_base='build', install_base='install', merge_install=False, symlink_install=False, test_result_base=None, continue_on_error=False, executor='parallel', parallel_workers=4, event_handlers=None, ignore_user_meta=False, metas=['./colcon.meta'], base_paths=['.'], packages_ignore=None, packages_ignore_regex=None, paths=None, packages_up_to=None, packages_up_to_regex=None, packages_above=None, packages_above_and_dependencies=None, packages_above_depth=None, packages_select_by_dep=None, packages_skip_by_dep=None, packages_skip_up_to=None, packages_select_build_failed=False, packages_skip_build_finished=False, packages_select_test_failures=False, packages_skip_test_passed=False, packages_select=None, packages_skip=None, packages_select_regex=None, packages_skip_regex=None, packages_start=None, packages_end=None, allow_overriding=[], cmake_args=None, cmake_target=None, cmake_target_skip_unavailable=False, cmake_clean_cache=False, cmake_clean_first=False, cmake_force_configure=False, ament_cmake_args=None, catkin_cmake_args=None, catkin_skip_building_tests=False, verb_parser=<colcon_defaults.argument_parser.defaults.DefaultArgumentsDecorator object at 0x7da8b2230e20>, verb_extension=<colcon_core.verb.build.BuildVerb object at 0x7da8b22308e0>, main=<bound method BuildVerb.main of <colcon_core.verb.build.BuildVerb object at 0x7da8b22308e0>>)
[0.441s] Level 1:colcon.colcon_core.package_discovery:discover_packages(colcon_meta) check parameters
[0.442s] Level 1:colcon.colcon_core.package_discovery:discover_packages(recursive) check parameters
[0.442s] Level 1:colcon.colcon_core.package_discovery:discover_packages(ignore) check parameters
[0.442s] Level 1:colcon.colcon_core.package_discovery:discover_packages(path) check parameters
[0.442s] Level 1:colcon.colcon_core.package_discovery:discover_packages(colcon_meta) discover
[0.442s] Level 1:colcon.colcon_core.package_discovery:discover_packages(recursive) discover
[0.443s] INFO:colcon.colcon_core.package_discovery:Crawling recursively for packages in '/home/mohamad/Inmind/Robotics-Session7-Assignment/Session7_ros2_ws'
[0.443s] Level 1:colcon.colcon_core.package_identification:_identify(.) by extensions ['ignore', 'ignore_ament_install']
[0.443s] Level 1:colcon.colcon_core.package_identification:_identify(.) by extension 'ignore'
[0.443s] Level 1:colcon.colcon_core.package_identification:_identify(.) by extension 'ignore_ament_install'
[0.443s] Level 1:colcon.colcon_core.package_identification:_identify(.) by extensions ['colcon_pkg']
[0.443s] Level 1:colcon.colcon_core.package_identification:_identify(.) by extension 'colcon_pkg'
[0.443s] Level 1:colcon.colcon_core.package_identification:_identify(.) by extensions ['colcon_meta']
[0.443s] Level 1:colcon.colcon_core.package_identification:_identify(.) by extension 'colcon_meta'
[0.443s] Level 1:colcon.colcon_core.package_identification:_identify(.) by extensions ['ros']
[0.443s] Level 1:colcon.colcon_core.package_identification:_identify(.) by extension 'ros'
[0.459s] Level 1:colcon.colcon_core.package_identification:_identify(.) by extensions ['cmake', 'python']
[0.459s] Level 1:colcon.colcon_core.package_identification:_identify(.) by extension 'cmake'
[0.459s] Level 1:colcon.colcon_core.package_identification:_identify(.) by extension 'python'
[0.459s] Level 1:colcon.colcon_core.package_identification:_identify(.) by extensions ['python_setup_py']
[0.459s] Level 1:colcon.colcon_core.package_identification:_identify(.) by extension 'python_setup_py'
[0.460s] Level 1:colcon.colcon_core.package_identification:_identify(build) by extensions ['ignore', 'ignore_ament_install']
[0.460s] Level 1:colcon.colcon_core.package_identification:_identify(build) by extension 'ignore'
[0.460s] Level 1:colcon.colcon_core.package_identification:_identify(build) ignored
[0.460s] Level 1:colcon.colcon_core.package_identification:_identify(install) by extensions ['ignore', 'ignore_ament_install']
[0.460s] Level 1:colcon.colcon_core.package_identification:_identify(install) by extension 'ignore'
[0.460s] Level 1:colcon.colcon_core.package_identification:_identify(install) ignored
[0.460s] Level 1:colcon.colcon_core.package_identification:_identify(log) by extensions ['ignore', 'ignore_ament_install']
[0.460s] Level 1:colcon.colcon_core.package_identification:_identify(log) by extension 'ignore'
[0.460s] Level 1:colcon.colcon_core.package_identification:_identify(log) ignored
[0.461s] Level 1:colcon.colcon_core.package_identification:_identify(src) by extensions ['ignore', 'ignore_ament_install']
[0.461s] Level 1:colcon.colcon_core.package_identification:_identify(src) by extension 'ignore'
[0.461s] Level 1:colcon.colcon_core.package_identification:_identify(src) by extension 'ignore_ament_install'
[0.461s] Level 1:colcon.colcon_core.package_identification:_identify(src) by extensions ['colcon_pkg']
[0.461s] Level 1:colcon.colcon_core.package_identification:_identify(src) by extension 'colcon_pkg'
[0.461s] Level 1:colcon.colcon_core.package_identification:_identify(src) by extensions ['colcon_meta']
[0.461s] Level 1:colcon.colcon_core.package_identification:_identify(src) by extension 'colcon_meta'
[0.461s] Level 1:colcon.colcon_core.package_identification:_identify(src) by extensions ['ros']
[0.461s] Level 1:colcon.colcon_core.package_identification:_identify(src) by extension 'ros'
[0.461s] Level 1:colcon.colcon_core.package_identification:_identify(src) by extensions ['cmake', 'python']
[0.461s] Level 1:colcon.colcon_core.package_identification:_identify(src) by extension 'cmake'
[0.461s] Level 1:colcon.colcon_core.package_identification:_identify(src) by extension 'python'
[0.461s] Level 1:colcon.colcon_core.package_identification:_identify(src) by extensions ['python_setup_py']
[0.461s] Level 1:colcon.colcon_core.package_identification:_identify(src) by extension 'python_setup_py'
[0.462s] Level 1:colcon.colcon_core.package_identification:_identify(src/custom_interfaces) by extensions ['ignore', 'ignore_ament_install']
[0.462s] Level 1:colcon.colcon_core.package_identification:_identify(src/custom_interfaces) by extension 'ignore'
[0.462s] Level 1:colcon.colcon_core.package_identification:_identify(src/custom_interfaces) by extension 'ignore_ament_install'
[0.463s] Level 1:colcon.colcon_core.package_identification:_identify(src/custom_interfaces) by extensions ['colcon_pkg']
[0.463s] Level 1:colcon.colcon_core.package_identification:_identify(src/custom_interfaces) by extension 'colcon_pkg'
[0.463s] Level 1:colcon.colcon_core.package_identification:_identify(src/custom_interfaces) by extensions ['colcon_meta']
[0.463s] Level 1:colcon.colcon_core.package_identification:_identify(src/custom_interfaces) by extension 'colcon_meta'
[0.463s] Level 1:colcon.colcon_core.package_identification:_identify(src/custom_interfaces) by extensions ['ros']
[0.463s] Level 1:colcon.colcon_core.package_identification:_identify(src/custom_interfaces) by extension 'ros'
[0.467s] DEBUG:colcon.colcon_core.package_identification:Package 'src/custom_interfaces' with type 'ros.ament_cmake' and name 'custom_interfaces'
[0.467s] Level 1:colcon.colcon_core.package_identification:_identify(src/navigation_robot) by extensions ['ignore', 'ignore_ament_install']
[0.468s] Level 1:colcon.colcon_core.package_identification:_identify(src/navigation_robot) by extension 'ignore'
[0.468s] Level 1:colcon.colcon_core.package_identification:_identify(src/navigation_robot) by extension 'ignore_ament_install'
[0.468s] Level 1:colcon.colcon_core.package_identification:_identify(src/navigation_robot) by extensions ['colcon_pkg']
[0.468s] Level 1:colcon.colcon_core.package_identification:_identify(src/navigation_robot) by extension 'colcon_pkg'
[0.468s] Level 1:colcon.colcon_core.package_identification:_identify(src/navigation_robot) by extensions ['colcon_meta']
[0.468s] Level 1:colcon.colcon_core.package_identification:_identify(src/navigation_robot) by extension 'colcon_meta'
[0.468s] Level 1:colcon.colcon_core.package_identification:_identify(src/navigation_robot) by extensions ['ros']
[0.468s] Level 1:colcon.colcon_core.package_identification:_identify(src/navigation_robot) by extension 'ros'
[0.469s] DEBUG:colcon.colcon_core.package_identification:Package 'src/navigation_robot' with type 'ros.ament_python' and name 'navigation_robot'
[0.469s] Level 1:colcon.colcon_core.package_discovery:discover_packages(recursive) using defaults
[0.469s] Level 1:colcon.colcon_core.package_discovery:discover_packages(ignore) discover
[0.469s] Level 1:colcon.colcon_core.package_discovery:discover_packages(ignore) using defaults
[0.469s] Level 1:colcon.colcon_core.package_discovery:discover_packages(path) discover
[0.469s] Level 1:colcon.colcon_core.package_discovery:discover_packages(path) using defaults
[0.496s] Level 1:colcon.colcon_core.package_discovery:discover_packages(prefix_path) check parameters
[0.496s] Level 1:colcon.colcon_core.package_discovery:discover_packages(prefix_path) discover
[0.500s] DEBUG:colcon.colcon_installed_package_information.package_discovery:Found 2 installed packages in /home/mohamad/Inmind/Robotics-Session7-Assignment/Session7_ros2_ws/install
[0.500s] DEBUG:colcon.colcon_installed_package_information.package_discovery:Found 2 installed packages in /home/mohamad/Inmind/Robotics-Session6-Assignment/Session6_ros2_ws/install
[0.502s] DEBUG:colcon.colcon_installed_package_information.package_discovery:Found 1 installed packages in /home/mohamad/Inmind/Robotics-Session5-Ros2/session5_ros2_ws/install
[0.502s] DEBUG:colcon.colcon_installed_package_information.package_discovery:Found 1 installed packages in /home/mohamad/Inmind/ros2_ws/install
[0.503s] DEBUG:colcon.colcon_installed_package_information.package_discovery:Found 1 installed packages in /home/mohamad/ros2_ws/install
[0.504s] DEBUG:colcon.colcon_installed_package_information.package_discovery:Found 337 installed packages in /opt/ros/humble
[0.506s] Level 1:colcon.colcon_core.package_discovery:discover_packages(prefix_path) using defaults
[0.579s] Level 5:colcon.colcon_core.verb:set package 'custom_interfaces' build argument 'cmake_args' from command line to 'None'
[0.579s] Level 5:colcon.colcon_core.verb:set package 'custom_interfaces' build argument 'cmake_target' from command line to 'None'
[0.579s] Level 5:colcon.colcon_core.verb:set package 'custom_interfaces' build argument 'cmake_target_skip_unavailable' from command line to 'False'
[0.579s] Level 5:colcon.colcon_core.verb:set package 'custom_interfaces' build argument 'cmake_clean_cache' from command line to 'False'
[0.579s] Level 5:colcon.colcon_core.verb:set package 'custom_interfaces' build argument 'cmake_clean_first' from command line to 'False'
[0.579s] Level 5:colcon.colcon_core.verb:set package 'custom_interfaces' build argument 'cmake_force_configure' from command line to 'False'
[0.580s] Level 5:colcon.colcon_core.verb:set package 'custom_interfaces' build argument 'ament_cmake_args' from command line to 'None'
[0.580s] Level 5:colcon.colcon_core.verb:set package 'custom_interfaces' build argument 'catkin_cmake_args' from command line to 'None'
[0.580s] Level 5:colcon.colcon_core.verb:set package 'custom_interfaces' build argument 'catkin_skip_building_tests' from command line to 'False'
[0.580s] DEBUG:colcon.colcon_core.verb:Building package 'custom_interfaces' with the following arguments: {'ament_cmake_args': None, 'build_base': '/home/mohamad/Inmind/Robotics-Session7-Assignment/Session7_ros2_ws/build/custom_interfaces', 'catkin_cmake_args': None, 'catkin_skip_building_tests': False, 'cmake_args': None, 'cmake_clean_cache': False, 'cmake_clean_first': False, 'cmake_force_configure': False, 'cmake_target': None, 'cmake_target_skip_unavailable': False, 'install_base': '/home/mohamad/Inmind/Robotics-Session7-Assignment/Session7_ros2_ws/install/custom_interfaces', 'merge_install': False, 'path': '/home/mohamad/Inmind/Robotics-Session7-Assignment/Session7_ros2_ws/src/custom_interfaces', 'symlink_install': False, 'test_result_base': None}
[0.580s] Level 5:colcon.colcon_core.verb:set package 'navigation_robot' build argument 'cmake_args' from command line to 'None'
[0.580s] Level 5:colcon.colcon_core.verb:set package 'navigation_robot' build argument 'cmake_target' from command line to 'None'
[0.580s] Level 5:colcon.colcon_core.verb:set package 'navigation_robot' build argument 'cmake_target_skip_unavailable' from command line to 'False'
[0.580s] Level 5:colcon.colcon_core.verb:set package 'navigation_robot' build argument 'cmake_clean_cache' from command line to 'False'
[0.580s] Level 5:colcon.colcon_core.verb:set package 'navigation_robot' build argument 'cmake_clean_first' from command line to 'False'
[0.580s] Level 5:colcon.colcon_core.verb:set package 'navigation_robot' build argument 'cmake_force_configure' from command line to 'False'
[0.580s] Level 5:colcon.colcon_core.verb:set package 'navigation_robot' build argument 'ament_cmake_args' from command line to 'None'
[0.580s] Level 5:colcon.colcon_core.verb:set package 'navigation_robot' build argument 'catkin_cmake_args' from command line to 'None'
[0.580s] Level 5:colcon.colcon_core.verb:set package 'navigation_robot' build argument 'catkin_skip_building_tests' from command line to 'False'
[0.580s] DEBUG:colcon.colcon_core.verb:Building package 'navigation_robot' with the following arguments: {'ament_cmake_args': None, 'build_base': '/home/mohamad/Inmind/Robotics-Session7-Assignment/Session7_ros2_ws/build/navigation_robot', 'catkin_cmake_args': None, 'catkin_skip_building_tests': False, 'cmake_args': None, 'cmake_clean_cache': False, 'cmake_clean_first': False, 'cmake_force_configure': False, 'cmake_target': None, 'cmake_target_skip_unavailable': False, 'install_base': '/home/mohamad/Inmind/Robotics-Session7-Assignment/Session7_ros2_ws/install/navigation_robot', 'merge_install': False, 'path': '/home/mohamad/Inmind/Robotics-Session7-Assignment/Session7_ros2_ws/src/navigation_robot', 'symlink_install': False, 'test_result_base': None}
[0.580s] INFO:colcon.colcon_core.executor:Executing jobs using 'parallel' executor
[0.582s] DEBUG:colcon.colcon_parallel_executor.executor.parallel:run_until_complete
[0.583s] INFO:colcon.colcon_ros.task.ament_cmake.build:Building ROS package in '/home/mohamad/Inmind/Robotics-Session7-Assignment/Session7_ros2_ws/src/custom_interfaces' with build type 'ament_cmake'
[0.583s] INFO:colcon.colcon_cmake.task.cmake.build:Building CMake package in '/home/mohamad/Inmind/Robotics-Session7-Assignment/Session7_ros2_ws/src/custom_interfaces'
[0.587s] INFO:colcon.colcon_core.plugin_system:Skipping extension 'colcon_core.shell.bat': Not used on non-Windows systems
[0.587s] INFO:colcon.colcon_core.shell:Skip shell extension 'powershell' for command environment: Not usable outside of PowerShell
[0.587s] DEBUG:colcon.colcon_core.shell:Skip shell extension 'dsv' for command environment
[0.595s] INFO:colcon.colcon_ros.task.ament_python.build:Building ROS package in '/home/mohamad/Inmind/Robotics-Session7-Assignment/Session7_ros2_ws/src/navigation_robot' with build type 'ament_python'
[0.595s] Level 1:colcon.colcon_core.shell:create_environment_hook('navigation_robot', 'ament_prefix_path')
[0.595s] INFO:colcon.colcon_core.shell:Creating environment hook '/home/mohamad/Inmind/Robotics-Session7-Assignment/Session7_ros2_ws/install/navigation_robot/share/navigation_robot/hook/ament_prefix_path.ps1'
[0.596s] INFO:colcon.colcon_core.shell:Creating environment descriptor '/home/mohamad/Inmind/Robotics-Session7-Assignment/Session7_ros2_ws/install/navigation_robot/share/navigation_robot/hook/ament_prefix_path.dsv'
[0.598s] INFO:colcon.colcon_core.shell:Creating environment hook '/home/mohamad/Inmind/Robotics-Session7-Assignment/Session7_ros2_ws/install/navigation_robot/share/navigation_robot/hook/ament_prefix_path.sh'
[0.600s] INFO:colcon.colcon_core.shell:Skip shell extension 'powershell' for command environment: Not usable outside of PowerShell
[0.600s] DEBUG:colcon.colcon_core.shell:Skip shell extension 'dsv' for command environment
[0.649s] DEBUG:colcon.colcon_core.event_handler.log_command:Invoking command in '/home/mohamad/Inmind/Robotics-Session7-Assignment/Session7_ros2_ws/build/custom_interfaces': CMAKE_PREFIX_PATH=${CMAKE_PREFIX_PATH}:/home/mohamad/Inmind/Robotics-Session7-Assignment/Session7_ros2_ws/install/navigation_robot:/home/mohamad/Inmind/Robotics-Session6-Assignment/Session6_ros2_ws/install/session6_assignment:/home/mohamad/Inmind/ros2_ws/install/session5_academy:/home/mohamad/Inmind/Robotics-Session5-Ros2/session5_ros2_ws/install/session5_assignment:/home/mohamad/ros2_ws/install/my_robot_controller:/opt/ros/humble /usr/bin/cmake --build /home/mohamad/Inmind/Robotics-Session7-Assignment/Session7_ros2_ws/build/custom_interfaces -- -j4 -l4
[1.466s] INFO:colcon.colcon_core.task.python.build:Building Python package in '/home/mohamad/Inmind/Robotics-Session7-Assignment/Session7_ros2_ws/src/navigation_robot'
[1.467s] INFO:colcon.colcon_core.shell:Skip shell extension 'powershell' for command environment: Not usable outside of PowerShell
[1.468s] DEBUG:colcon.colcon_core.shell:Skip shell extension 'dsv' for command environment
[2.641s] DEBUG:colcon.colcon_core.event_handler.log_command:Invoking command in '/home/mohamad/Inmind/Robotics-Session7-Assignment/Session7_ros2_ws/src/navigation_robot': PYTHONPATH=/home/mohamad/Inmind/Robotics-Session7-Assignment/Session7_ros2_ws/build/navigation_robot/prefix_override:/usr/lib/python3/dist-packages/colcon_core/task/python/colcon_distutils_commands:/home/mohamad/Inmind/Robotics-Session7-Assignment/Session7_ros2_ws/install/navigation_robot/lib/python3.10/site-packages:${PYTHONPATH} /usr/bin/python3 -W ignore:setup.py install is deprecated setup.py egg_info --egg-base ../../build/navigation_robot build --build-base /home/mohamad/Inmind/Robotics-Session7-Assignment/Session7_ros2_ws/build/navigation_robot/build install --record /home/mohamad/Inmind/Robotics-Session7-Assignment/Session7_ros2_ws/build/navigation_robot/install.log --single-version-externally-managed install_data
[3.708s] DEBUG:colcon.colcon_core.event_handler.log_command:Invoked command in '/home/mohamad/Inmind/Robotics-Session7-Assignment/Session7_ros2_ws/src/navigation_robot' returned '0': PYTHONPATH=/home/mohamad/Inmind/Robotics-Session7-Assignment/Session7_ros2_ws/build/navigation_robot/prefix_override:/usr/lib/python3/dist-packages/colcon_core/task/python/colcon_distutils_commands:/home/mohamad/Inmind/Robotics-Session7-Assignment/Session7_ros2_ws/install/navigation_robot/lib/python3.10/site-packages:${PYTHONPATH} /usr/bin/python3 -W ignore:setup.py install is deprecated setup.py egg_info --egg-base ../../build/navigation_robot build --build-base /home/mohamad/Inmind/Robotics-Session7-Assignment/Session7_ros2_ws/build/navigation_robot/build install --record /home/mohamad/Inmind/Robotics-Session7-Assignment/Session7_ros2_ws/build/navigation_robot/install.log --single-version-externally-managed install_data
[3.711s] Level 1:colcon.colcon_core.environment:checking '/home/mohamad/Inmind/Robotics-Session7-Assignment/Session7_ros2_ws/install/navigation_robot' for CMake module files
[3.712s] Level 1:colcon.colcon_core.environment:checking '/home/mohamad/Inmind/Robotics-Session7-Assignment/Session7_ros2_ws/install/navigation_robot' for CMake config files
[3.714s] Level 1:colcon.colcon_core.environment:checking '/home/mohamad/Inmind/Robotics-Session7-Assignment/Session7_ros2_ws/install/navigation_robot/lib'
[3.714s] Level 1:colcon.colcon_core.environment:checking '/home/mohamad/Inmind/Robotics-Session7-Assignment/Session7_ros2_ws/install/navigation_robot/bin'
[3.714s] Level 1:colcon.colcon_core.environment:checking '/home/mohamad/Inmind/Robotics-Session7-Assignment/Session7_ros2_ws/install/navigation_robot/lib/pkgconfig/navigation_robot.pc'
[3.714s] Level 1:colcon.colcon_core.environment:checking '/home/mohamad/Inmind/Robotics-Session7-Assignment/Session7_ros2_ws/install/navigation_robot/lib/python3.10/site-packages'
[3.714s] Level 1:colcon.colcon_core.shell:create_environment_hook('navigation_robot', 'pythonpath')
[3.715s] INFO:colcon.colcon_core.shell:Creating environment hook '/home/mohamad/Inmind/Robotics-Session7-Assignment/Session7_ros2_ws/install/navigation_robot/share/navigation_robot/hook/pythonpath.ps1'
[3.716s] INFO:colcon.colcon_core.shell:Creating environment descriptor '/home/mohamad/Inmind/Robotics-Session7-Assignment/Session7_ros2_ws/install/navigation_robot/share/navigation_robot/hook/pythonpath.dsv'
[3.717s] INFO:colcon.colcon_core.shell:Creating environment hook '/home/mohamad/Inmind/Robotics-Session7-Assignment/Session7_ros2_ws/install/navigation_robot/share/navigation_robot/hook/pythonpath.sh'
[3.719s] Level 1:colcon.colcon_core.environment:checking '/home/mohamad/Inmind/Robotics-Session7-Assignment/Session7_ros2_ws/install/navigation_robot/bin'
[3.721s] Level 1:colcon.colcon_core.environment:create_environment_scripts_only(navigation_robot)
[3.722s] INFO:colcon.colcon_core.shell:Creating package script '/home/mohamad/Inmind/Robotics-Session7-Assignment/Session7_ros2_ws/install/navigation_robot/share/navigation_robot/package.ps1'
[3.724s] INFO:colcon.colcon_core.shell:Creating package descriptor '/home/mohamad/Inmind/Robotics-Session7-Assignment/Session7_ros2_ws/install/navigation_robot/share/navigation_robot/package.dsv'
[3.728s] INFO:colcon.colcon_core.shell:Creating package script '/home/mohamad/Inmind/Robotics-Session7-Assignment/Session7_ros2_ws/install/navigation_robot/share/navigation_robot/package.sh'
[3.732s] INFO:colcon.colcon_core.shell:Creating package script '/home/mohamad/Inmind/Robotics-Session7-Assignment/Session7_ros2_ws/install/navigation_robot/share/navigation_robot/package.bash'
[3.734s] INFO:colcon.colcon_core.shell:Creating package script '/home/mohamad/Inmind/Robotics-Session7-Assignment/Session7_ros2_ws/install/navigation_robot/share/navigation_robot/package.zsh'
[3.736s] Level 1:colcon.colcon_core.environment:create_file_with_runtime_dependencies(/home/mohamad/Inmind/Robotics-Session7-Assignment/Session7_ros2_ws/install/navigation_robot/share/colcon-core/packages/navigation_robot)
[39.385s] DEBUG:colcon.colcon_core.event_handler.log_command:Invoked command in '/home/mohamad/Inmind/Robotics-Session7-Assignment/Session7_ros2_ws/build/custom_interfaces' returned '0': CMAKE_PREFIX_PATH=${CMAKE_PREFIX_PATH}:/home/mohamad/Inmind/Robotics-Session7-Assignment/Session7_ros2_ws/install/navigation_robot:/home/mohamad/Inmind/Robotics-Session6-Assignment/Session6_ros2_ws/install/session6_assignment:/home/mohamad/Inmind/ros2_ws/install/session5_academy:/home/mohamad/Inmind/Robotics-Session5-Ros2/session5_ros2_ws/install/session5_assignment:/home/mohamad/ros2_ws/install/my_robot_controller:/opt/ros/humble /usr/bin/cmake --build /home/mohamad/Inmind/Robotics-Session7-Assignment/Session7_ros2_ws/build/custom_interfaces -- -j4 -l4
[40.315s] DEBUG:colcon.colcon_core.event_handler.log_command:Invoking command in '/home/mohamad/Inmind/Robotics-Session7-Assignment/Session7_ros2_ws/build/custom_interfaces': CMAKE_PREFIX_PATH=${CMAKE_PREFIX_PATH}:/home/mohamad/Inmind/Robotics-Session7-Assignment/Session7_ros2_ws/install/navigation_robot:/home/mohamad/Inmind/Robotics-Session6-Assignment/Session6_ros2_ws/install/session6_assignment:/home/mohamad/Inmind/ros2_ws/install/session5_academy:/home/mohamad/Inmind/Robotics-Session5-Ros2/session5_ros2_ws/install/session5_assignment:/home/mohamad/ros2_ws/install/my_robot_controller:/opt/ros/humble /usr/bin/cmake --install /home/mohamad/Inmind/Robotics-Session7-Assignment/Session7_ros2_ws/build/custom_interfaces
[40.646s] Level 1:colcon.colcon_core.environment:create_environment_scripts_only(custom_interfaces)
[40.647s] Level 1:colcon.colcon_core.environment:checking '/home/mohamad/Inmind/Robotics-Session7-Assignment/Session7_ros2_ws/install/custom_interfaces' for CMake module files
[40.649s] DEBUG:colcon.colcon_core.event_handler.log_command:Invoked command in '/home/mohamad/Inmind/Robotics-Session7-Assignment/Session7_ros2_ws/build/custom_interfaces' returned '0': CMAKE_PREFIX_PATH=${CMAKE_PREFIX_PATH}:/home/mohamad/Inmind/Robotics-Session7-Assignment/Session7_ros2_ws/install/navigation_robot:/home/mohamad/Inmind/Robotics-Session6-Assignment/Session6_ros2_ws/install/session6_assignment:/home/mohamad/Inmind/ros2_ws/install/session5_academy:/home/mohamad/Inmind/Robotics-Session5-Ros2/session5_ros2_ws/install/session5_assignment:/home/mohamad/ros2_ws/install/my_robot_controller:/opt/ros/humble /usr/bin/cmake --install /home/mohamad/Inmind/Robotics-Session7-Assignment/Session7_ros2_ws/build/custom_interfaces
[40.650s] Level 1:colcon.colcon_core.environment:checking '/home/mohamad/Inmind/Robotics-Session7-Assignment/Session7_ros2_ws/install/custom_interfaces' for CMake config files
[40.651s] Level 1:colcon.colcon_core.shell:create_environment_hook('custom_interfaces', 'cmake_prefix_path')
[40.651s] INFO:colcon.colcon_core.shell:Creating environment hook '/home/mohamad/Inmind/Robotics-Session7-Assignment/Session7_ros2_ws/install/custom_interfaces/share/custom_interfaces/hook/cmake_prefix_path.ps1'
[40.661s] INFO:colcon.colcon_core.shell:Creating environment descriptor '/home/mohamad/Inmind/Robotics-Session7-Assignment/Session7_ros2_ws/install/custom_interfaces/share/custom_interfaces/hook/cmake_prefix_path.dsv'
[40.662s] INFO:colcon.colcon_core.shell:Creating environment hook '/home/mohamad/Inmind/Robotics-Session7-Assignment/Session7_ros2_ws/install/custom_interfaces/share/custom_interfaces/hook/cmake_prefix_path.sh'
[40.679s] Level 1:colcon.colcon_core.environment:checking '/home/mohamad/Inmind/Robotics-Session7-Assignment/Session7_ros2_ws/install/custom_interfaces/lib'
[40.679s] Level 1:colcon.colcon_core.shell:create_environment_hook('custom_interfaces', 'ld_library_path_lib')
[40.679s] INFO:colcon.colcon_core.shell:Creating environment hook '/home/mohamad/Inmind/Robotics-Session7-Assignment/Session7_ros2_ws/install/custom_interfaces/share/custom_interfaces/hook/ld_library_path_lib.ps1'
[40.689s] INFO:colcon.colcon_core.shell:Creating environment descriptor '/home/mohamad/Inmind/Robotics-Session7-Assignment/Session7_ros2_ws/install/custom_interfaces/share/custom_interfaces/hook/ld_library_path_lib.dsv'
[40.693s] INFO:colcon.colcon_core.shell:Creating environment hook '/home/mohamad/Inmind/Robotics-Session7-Assignment/Session7_ros2_ws/install/custom_interfaces/share/custom_interfaces/hook/ld_library_path_lib.sh'
[40.738s] Level 1:colcon.colcon_core.environment:checking '/home/mohamad/Inmind/Robotics-Session7-Assignment/Session7_ros2_ws/install/custom_interfaces/bin'
[40.738s] Level 1:colcon.colcon_core.environment:checking '/home/mohamad/Inmind/Robotics-Session7-Assignment/Session7_ros2_ws/install/custom_interfaces/lib/pkgconfig/custom_interfaces.pc'
[40.738s] Level 1:colcon.colcon_core.environment:checking '/home/mohamad/Inmind/Robotics-Session7-Assignment/Session7_ros2_ws/install/custom_interfaces/lib/python3.10/site-packages'
[40.740s] Level 1:colcon.colcon_core.environment:checking '/home/mohamad/Inmind/Robotics-Session7-Assignment/Session7_ros2_ws/install/custom_interfaces/bin'
[40.741s] INFO:colcon.colcon_core.shell:Creating package script '/home/mohamad/Inmind/Robotics-Session7-Assignment/Session7_ros2_ws/install/custom_interfaces/share/custom_interfaces/package.ps1'
[40.742s] INFO:colcon.colcon_core.shell:Creating package descriptor '/home/mohamad/Inmind/Robotics-Session7-Assignment/Session7_ros2_ws/install/custom_interfaces/share/custom_interfaces/package.dsv'
[40.744s] INFO:colcon.colcon_core.shell:Creating package script '/home/mohamad/Inmind/Robotics-Session7-Assignment/Session7_ros2_ws/install/custom_interfaces/share/custom_interfaces/package.sh'
[40.744s] INFO:colcon.colcon_core.shell:Creating package script '/home/mohamad/Inmind/Robotics-Session7-Assignment/Session7_ros2_ws/install/custom_interfaces/share/custom_interfaces/package.bash'
[40.746s] INFO:colcon.colcon_core.shell:Creating package script '/home/mohamad/Inmind/Robotics-Session7-Assignment/Session7_ros2_ws/install/custom_interfaces/share/custom_interfaces/package.zsh'
[40.747s] Level 1:colcon.colcon_core.environment:create_file_with_runtime_dependencies(/home/mohamad/Inmind/Robotics-Session7-Assignment/Session7_ros2_ws/install/custom_interfaces/share/colcon-core/packages/custom_interfaces)
[41.123s] Level 1:colcon.colcon_core.environment:create_environment_scripts_only(custom_interfaces)
[41.124s] Level 1:colcon.colcon_core.environment:checking '/home/mohamad/Inmind/Robotics-Session7-Assignment/Session7_ros2_ws/install/custom_interfaces' for CMake module files
[41.124s] Level 1:colcon.colcon_core.environment:checking '/home/mohamad/Inmind/Robotics-Session7-Assignment/Session7_ros2_ws/install/custom_interfaces' for CMake config files
[41.124s] Level 1:colcon.colcon_core.shell:create_environment_hook('custom_interfaces', 'cmake_prefix_path')
[41.125s] INFO:colcon.colcon_core.shell:Creating environment hook '/home/mohamad/Inmind/Robotics-Session7-Assignment/Session7_ros2_ws/install/custom_interfaces/share/custom_interfaces/hook/cmake_prefix_path.ps1'
[41.126s] INFO:colcon.colcon_core.shell:Creating environment descriptor '/home/mohamad/Inmind/Robotics-Session7-Assignment/Session7_ros2_ws/install/custom_interfaces/share/custom_interfaces/hook/cmake_prefix_path.dsv'
[41.126s] INFO:colcon.colcon_core.shell:Creating environment hook '/home/mohamad/Inmind/Robotics-Session7-Assignment/Session7_ros2_ws/install/custom_interfaces/share/custom_interfaces/hook/cmake_prefix_path.sh'
[41.128s] Level 1:colcon.colcon_core.environment:checking '/home/mohamad/Inmind/Robotics-Session7-Assignment/Session7_ros2_ws/install/custom_interfaces/lib'
[41.128s] Level 1:colcon.colcon_core.shell:create_environment_hook('custom_interfaces', 'ld_library_path_lib')
[41.128s] INFO:colcon.colcon_core.shell:Creating environment hook '/home/mohamad/Inmind/Robotics-Session7-Assignment/Session7_ros2_ws/install/custom_interfaces/share/custom_interfaces/hook/ld_library_path_lib.ps1'
[41.128s] INFO:colcon.colcon_core.shell:Creating environment descriptor '/home/mohamad/Inmind/Robotics-Session7-Assignment/Session7_ros2_ws/install/custom_interfaces/share/custom_interfaces/hook/ld_library_path_lib.dsv'
[41.129s] INFO:colcon.colcon_core.shell:Creating environment hook '/home/mohamad/Inmind/Robotics-Session7-Assignment/Session7_ros2_ws/install/custom_interfaces/share/custom_interfaces/hook/ld_library_path_lib.sh'
[41.130s] Level 1:colcon.colcon_core.environment:checking '/home/mohamad/Inmind/Robotics-Session7-Assignment/Session7_ros2_ws/install/custom_interfaces/bin'
[41.130s] Level 1:colcon.colcon_core.environment:checking '/home/mohamad/Inmind/Robotics-Session7-Assignment/Session7_ros2_ws/install/custom_interfaces/lib/pkgconfig/custom_interfaces.pc'
[41.131s] Level 1:colcon.colcon_core.environment:checking '/home/mohamad/Inmind/Robotics-Session7-Assignment/Session7_ros2_ws/install/custom_interfaces/lib/python3.10/site-packages'
[41.131s] Level 1:colcon.colcon_core.environment:checking '/home/mohamad/Inmind/Robotics-Session7-Assignment/Session7_ros2_ws/install/custom_interfaces/bin'
[41.132s] INFO:colcon.colcon_core.shell:Creating package script '/home/mohamad/Inmind/Robotics-Session7-Assignment/Session7_ros2_ws/install/custom_interfaces/share/custom_interfaces/package.ps1'
[41.133s] INFO:colcon.colcon_core.shell:Creating package descriptor '/home/mohamad/Inmind/Robotics-Session7-Assignment/Session7_ros2_ws/install/custom_interfaces/share/custom_interfaces/package.dsv'
[41.134s] INFO:colcon.colcon_core.shell:Creating package script '/home/mohamad/Inmind/Robotics-Session7-Assignment/Session7_ros2_ws/install/custom_interfaces/share/custom_interfaces/package.sh'
[41.135s] INFO:colcon.colcon_core.shell:Creating package script '/home/mohamad/Inmind/Robotics-Session7-Assignment/Session7_ros2_ws/install/custom_interfaces/share/custom_interfaces/package.bash'
[41.135s] INFO:colcon.colcon_core.shell:Creating package script '/home/mohamad/Inmind/Robotics-Session7-Assignment/Session7_ros2_ws/install/custom_interfaces/share/custom_interfaces/package.zsh'
[41.136s] Level 1:colcon.colcon_core.environment:create_file_with_runtime_dependencies(/home/mohamad/Inmind/Robotics-Session7-Assignment/Session7_ros2_ws/install/custom_interfaces/share/colcon-core/packages/custom_interfaces)
[41.138s] DEBUG:colcon.colcon_parallel_executor.executor.parallel:closing loop
[41.138s] DEBUG:colcon.colcon_parallel_executor.executor.parallel:loop closed
[41.138s] DEBUG:colcon.colcon_parallel_executor.executor.parallel:run_until_complete finished with '0'
[41.140s] DEBUG:colcon.colcon_core.event_reactor:joining thread
[41.252s] INFO:colcon.colcon_core.plugin_system:Skipping extension 'colcon_notification.desktop_notification.terminal_notifier': Not used on non-Darwin systems
[41.252s] INFO:colcon.colcon_core.plugin_system:Skipping extension 'colcon_notification.desktop_notification.win32': Not used on non-Windows systems
[41.252s] INFO:colcon.colcon_notification.desktop_notification:Sending desktop notification using 'notify2'
[41.384s] DEBUG:colcon.colcon_core.event_reactor:joined thread
[41.385s] INFO:colcon.colcon_core.shell:Creating prefix script '/home/mohamad/Inmind/Robotics-Session7-Assignment/Session7_ros2_ws/install/local_setup.ps1'
[41.387s] INFO:colcon.colcon_core.shell:Creating prefix util module '/home/mohamad/Inmind/Robotics-Session7-Assignment/Session7_ros2_ws/install/_local_setup_util_ps1.py'
[41.391s] INFO:colcon.colcon_core.shell:Creating prefix chain script '/home/mohamad/Inmind/Robotics-Session7-Assignment/Session7_ros2_ws/install/setup.ps1'
[41.394s] INFO:colcon.colcon_core.shell:Creating prefix script '/home/mohamad/Inmind/Robotics-Session7-Assignment/Session7_ros2_ws/install/local_setup.sh'
[41.400s] INFO:colcon.colcon_core.shell:Creating prefix util module '/home/mohamad/Inmind/Robotics-Session7-Assignment/Session7_ros2_ws/install/_local_setup_util_sh.py'
[41.402s] INFO:colcon.colcon_core.shell:Creating prefix chain script '/home/mohamad/Inmind/Robotics-Session7-Assignment/Session7_ros2_ws/install/setup.sh'
[41.411s] INFO:colcon.colcon_core.shell:Creating prefix script '/home/mohamad/Inmind/Robotics-Session7-Assignment/Session7_ros2_ws/install/local_setup.bash'
[41.413s] INFO:colcon.colcon_core.shell:Creating prefix chain script '/home/mohamad/Inmind/Robotics-Session7-Assignment/Session7_ros2_ws/install/setup.bash'
[41.416s] INFO:colcon.colcon_core.shell:Creating prefix script '/home/mohamad/Inmind/Robotics-Session7-Assignment/Session7_ros2_ws/install/local_setup.zsh'
[41.417s] INFO:colcon.colcon_core.shell:Creating prefix chain script '/home/mohamad/Inmind/Robotics-Session7-Assignment/Session7_ros2_ws/install/setup.zsh'
