[2.006s] Invoking command in '/home/mohamad/Inmind/Robotics-Session7-Assignment/Session7_ros2_ws/src/navigation_robot': PYTHONPATH=/home/mohamad/Inmind/Robotics-Session7-Assignment/Session7_ros2_ws/build/navigation_robot/prefix_override:/usr/lib/python3/dist-packages/colcon_core/task/python/colcon_distutils_commands:/home/mohamad/Inmind/Robotics-Session7-Assignment/Session7_ros2_ws/install/navigation_robot/lib/python3.10/site-packages:${PYTHONPATH} /usr/bin/python3 -W ignore:setup.py install is deprecated setup.py egg_info --egg-base ../../build/navigation_robot build --build-base /home/mohamad/Inmind/Robotics-Session7-Assignment/Session7_ros2_ws/build/navigation_robot/build install --record /home/mohamad/Inmind/Robotics-Session7-Assignment/Session7_ros2_ws/build/navigation_robot/install.log --single-version-externally-managed install_data
[2.300s] running egg_info
[2.311s] writing ../../build/navigation_robot/navigation_robot.egg-info/PKG-INFO
[2.312s] writing dependency_links to ../../build/navigation_robot/navigation_robot.egg-info/dependency_links.txt
[2.312s] writing entry points to ../../build/navigation_robot/navigation_robot.egg-info/entry_points.txt
[2.312s] writing requirements to ../../build/navigation_robot/navigation_robot.egg-info/requires.txt
[2.312s] writing top-level names to ../../build/navigation_robot/navigation_robot.egg-info/top_level.txt
[2.312s] reading manifest file '../../build/navigation_robot/navigation_robot.egg-info/SOURCES.txt'
[2.312s] writing manifest file '../../build/navigation_robot/navigation_robot.egg-info/SOURCES.txt'
[2.312s] running build
[2.312s] running build_py
[2.312s] copying navigation_robot/lap_time_server.py -> /home/mohamad/Inmind/Robotics-Session7-Assignment/Session7_ros2_ws/build/navigation_robot/build/lib/navigation_robot
[2.313s] running install
[2.313s] running install_lib
[2.313s] copying /home/mohamad/Inmind/Robotics-Session7-Assignment/Session7_ros2_ws/build/navigation_robot/build/lib/navigation_robot/lap_time_server.py -> /home/mohamad/Inmind/Robotics-Session7-Assignment/Session7_ros2_ws/install/navigation_robot/lib/python3.10/site-packages/navigation_robot
[2.314s] byte-compiling /home/mohamad/Inmind/Robotics-Session7-Assignment/Session7_ros2_ws/install/navigation_robot/lib/python3.10/site-packages/navigation_robot/lap_time_server.py to lap_time_server.cpython-310.pyc
[2.314s] running install_data
[2.314s] running install_egg_info
[2.317s] removing '/home/mohamad/Inmind/Robotics-Session7-Assignment/Session7_ros2_ws/install/navigation_robot/lib/python3.10/site-packages/navigation_robot-0.0.0-py3.10.egg-info' (and everything under it)
[2.318s] Copying ../../build/navigation_robot/navigation_robot.egg-info to /home/mohamad/Inmind/Robotics-Session7-Assignment/Session7_ros2_ws/install/navigation_robot/lib/python3.10/site-packages/navigation_robot-0.0.0-py3.10.egg-info
[2.318s] running install_scripts
[2.344s] Installing lap_time_client script to /home/mohamad/Inmind/Robotics-Session7-Assignment/Session7_ros2_ws/install/navigation_robot/lib/navigation_robot
[2.345s] Installing lap_time_server script to /home/mohamad/Inmind/Robotics-Session7-Assignment/Session7_ros2_ws/install/navigation_robot/lib/navigation_robot
[2.345s] Installing robot_driver script to /home/mohamad/Inmind/Robotics-Session7-Assignment/Session7_ros2_ws/install/navigation_robot/lib/navigation_robot
[2.345s] Installing wall_finder script to /home/mohamad/Inmind/Robotics-Session7-Assignment/Session7_ros2_ws/install/navigation_robot/lib/navigation_robot
[2.347s] writing list of installed files to '/home/mohamad/Inmind/Robotics-Session7-Assignment/Session7_ros2_ws/build/navigation_robot/install.log'
[2.490s] Invoked command in '/home/mohamad/Inmind/Robotics-Session7-Assignment/Session7_ros2_ws/src/navigation_robot' returned '0': PYTHONPATH=/home/mohamad/Inmind/Robotics-Session7-Assignment/Session7_ros2_ws/build/navigation_robot/prefix_override:/usr/lib/python3/dist-packages/colcon_core/task/python/colcon_distutils_commands:/home/mohamad/Inmind/Robotics-Session7-Assignment/Session7_ros2_ws/install/navigation_robot/lib/python3.10/site-packages:${PYTHONPATH} /usr/bin/python3 -W ignore:setup.py install is deprecated setup.py egg_info --egg-base ../../build/navigation_robot build --build-base /home/mohamad/Inmind/Robotics-Session7-Assignment/Session7_ros2_ws/build/navigation_robot/build install --record /home/mohamad/Inmind/Robotics-Session7-Assignment/Session7_ros2_ws/build/navigation_robot/install.log --single-version-externally-managed install_data
