[1.461s] DEBUG:colcon:Command line arguments: ['/usr/bin/colcon', 'build']
[1.461s] DEBUG:colcon:Parsed command line arguments: Namespace(log_base=None, log_level=None, verb_name='build', build_base='build', install_base='install', merge_install=False, symlink_install=False, test_result_base=None, continue_on_error=False, executor='parallel', parallel_workers=4, event_handlers=None, ignore_user_meta=False, metas=['./colcon.meta'], base_paths=['.'], packages_ignore=None, packages_ignore_regex=None, paths=None, packages_up_to=None, packages_up_to_regex=None, packages_above=None, packages_above_and_dependencies=None, packages_above_depth=None, packages_select_by_dep=None, packages_skip_by_dep=None, packages_skip_up_to=None, packages_select_build_failed=False, packages_skip_build_finished=False, packages_select_test_failures=False, packages_skip_test_passed=False, packages_select=None, packages_skip=None, packages_select_regex=None, packages_skip_regex=None, packages_start=None, packages_end=None, allow_overriding=[], cmake_args=None, cmake_target=None, cmake_target_skip_unavailable=False, cmake_clean_cache=False, cmake_clean_first=False, cmake_force_configure=False, ament_cmake_args=None, catkin_cmake_args=None, catkin_skip_building_tests=False, verb_parser=<colcon_defaults.argument_parser.defaults.DefaultArgumentsDecorator object at 0x7de62a12d0c0>, verb_extension=<colcon_core.verb.build.BuildVerb object at 0x7de62a12cb80>, main=<bound method BuildVerb.main of <colcon_core.verb.build.BuildVerb object at 0x7de62a12cb80>>)
[4.148s] Level 1:colcon.colcon_core.package_discovery:discover_packages(colcon_meta) check parameters
[4.149s] Level 1:colcon.colcon_core.package_discovery:discover_packages(recursive) check parameters
[4.149s] Level 1:colcon.colcon_core.package_discovery:discover_packages(ignore) check parameters
[4.149s] Level 1:colcon.colcon_core.package_discovery:discover_packages(path) check parameters
[4.149s] Level 1:colcon.colcon_core.package_discovery:discover_packages(colcon_meta) discover
[4.149s] Level 1:colcon.colcon_core.package_discovery:discover_packages(recursive) discover
[4.149s] INFO:colcon.colcon_core.package_discovery:Crawling recursively for packages in '/home/mohamad/Inmind/Robotics-Session7-Assignment/Session7_ros2_ws'
[4.149s] Level 1:colcon.colcon_core.package_identification:_identify(.) by extensions ['ignore', 'ignore_ament_install']
[4.149s] Level 1:colcon.colcon_core.package_identification:_identify(.) by extension 'ignore'
[4.149s] Level 1:colcon.colcon_core.package_identification:_identify(.) by extension 'ignore_ament_install'
[4.149s] Level 1:colcon.colcon_core.package_identification:_identify(.) by extensions ['colcon_pkg']
[4.149s] Level 1:colcon.colcon_core.package_identification:_identify(.) by extension 'colcon_pkg'
[4.149s] Level 1:colcon.colcon_core.package_identification:_identify(.) by extensions ['colcon_meta']
[4.150s] Level 1:colcon.colcon_core.package_identification:_identify(.) by extension 'colcon_meta'
[4.150s] Level 1:colcon.colcon_core.package_identification:_identify(.) by extensions ['ros']
[4.150s] Level 1:colcon.colcon_core.package_identification:_identify(.) by extension 'ros'
[4.233s] Level 1:colcon.colcon_core.package_identification:_identify(.) by extensions ['cmake', 'python']
[4.233s] Level 1:colcon.colcon_core.package_identification:_identify(.) by extension 'cmake'
[4.233s] Level 1:colcon.colcon_core.package_identification:_identify(.) by extension 'python'
[4.233s] Level 1:colcon.colcon_core.package_identification:_identify(.) by extensions ['python_setup_py']
[4.233s] Level 1:colcon.colcon_core.package_identification:_identify(.) by extension 'python_setup_py'
[4.233s] Level 1:colcon.colcon_core.package_identification:_identify(build) by extensions ['ignore', 'ignore_ament_install']
[4.233s] Level 1:colcon.colcon_core.package_identification:_identify(build) by extension 'ignore'
[4.233s] Level 1:colcon.colcon_core.package_identification:_identify(build) ignored
[4.234s] Level 1:colcon.colcon_core.package_identification:_identify(install) by extensions ['ignore', 'ignore_ament_install']
[4.234s] Level 1:colcon.colcon_core.package_identification:_identify(install) by extension 'ignore'
[4.234s] Level 1:colcon.colcon_core.package_identification:_identify(install) ignored
[4.234s] Level 1:colcon.colcon_core.package_identification:_identify(log) by extensions ['ignore', 'ignore_ament_install']
[4.234s] Level 1:colcon.colcon_core.package_identification:_identify(log) by extension 'ignore'
[4.234s] Level 1:colcon.colcon_core.package_identification:_identify(log) ignored
[4.234s] Level 1:colcon.colcon_core.package_identification:_identify(src) by extensions ['ignore', 'ignore_ament_install']
[4.234s] Level 1:colcon.colcon_core.package_identification:_identify(src) by extension 'ignore'
[4.234s] Level 1:colcon.colcon_core.package_identification:_identify(src) by extension 'ignore_ament_install'
[4.234s] Level 1:colcon.colcon_core.package_identification:_identify(src) by extensions ['colcon_pkg']
[4.234s] Level 1:colcon.colcon_core.package_identification:_identify(src) by extension 'colcon_pkg'
[4.234s] Level 1:colcon.colcon_core.package_identification:_identify(src) by extensions ['colcon_meta']
[4.235s] Level 1:colcon.colcon_core.package_identification:_identify(src) by extension 'colcon_meta'
[4.235s] Level 1:colcon.colcon_core.package_identification:_identify(src) by extensions ['ros']
[4.235s] Level 1:colcon.colcon_core.package_identification:_identify(src) by extension 'ros'
[4.235s] Level 1:colcon.colcon_core.package_identification:_identify(src) by extensions ['cmake', 'python']
[4.235s] Level 1:colcon.colcon_core.package_identification:_identify(src) by extension 'cmake'
[4.235s] Level 1:colcon.colcon_core.package_identification:_identify(src) by extension 'python'
[4.235s] Level 1:colcon.colcon_core.package_identification:_identify(src) by extensions ['python_setup_py']
[4.235s] Level 1:colcon.colcon_core.package_identification:_identify(src) by extension 'python_setup_py'
[4.235s] Level 1:colcon.colcon_core.package_identification:_identify(src/custom_interfaces) by extensions ['ignore', 'ignore_ament_install']
[4.235s] Level 1:colcon.colcon_core.package_identification:_identify(src/custom_interfaces) by extension 'ignore'
[4.235s] Level 1:colcon.colcon_core.package_identification:_identify(src/custom_interfaces) by extension 'ignore_ament_install'
[4.235s] Level 1:colcon.colcon_core.package_identification:_identify(src/custom_interfaces) by extensions ['colcon_pkg']
[4.235s] Level 1:colcon.colcon_core.package_identification:_identify(src/custom_interfaces) by extension 'colcon_pkg'
[4.235s] Level 1:colcon.colcon_core.package_identification:_identify(src/custom_interfaces) by extensions ['colcon_meta']
[4.235s] Level 1:colcon.colcon_core.package_identification:_identify(src/custom_interfaces) by extension 'colcon_meta'
[4.236s] Level 1:colcon.colcon_core.package_identification:_identify(src/custom_interfaces) by extensions ['ros']
[4.236s] Level 1:colcon.colcon_core.package_identification:_identify(src/custom_interfaces) by extension 'ros'
[4.259s] DEBUG:colcon.colcon_core.package_identification:Package 'src/custom_interfaces' with type 'ros.ament_cmake' and name 'custom_interfaces'
[4.259s] Level 1:colcon.colcon_core.package_identification:_identify(src/navigation_robot) by extensions ['ignore', 'ignore_ament_install']
[4.260s] Level 1:colcon.colcon_core.package_identification:_identify(src/navigation_robot) by extension 'ignore'
[4.260s] Level 1:colcon.colcon_core.package_identification:_identify(src/navigation_robot) by extension 'ignore_ament_install'
[4.260s] Level 1:colcon.colcon_core.package_identification:_identify(src/navigation_robot) by extensions ['colcon_pkg']
[4.260s] Level 1:colcon.colcon_core.package_identification:_identify(src/navigation_robot) by extension 'colcon_pkg'
[4.260s] Level 1:colcon.colcon_core.package_identification:_identify(src/navigation_robot) by extensions ['colcon_meta']
[4.260s] Level 1:colcon.colcon_core.package_identification:_identify(src/navigation_robot) by extension 'colcon_meta'
[4.260s] Level 1:colcon.colcon_core.package_identification:_identify(src/navigation_robot) by extensions ['ros']
[4.260s] Level 1:colcon.colcon_core.package_identification:_identify(src/navigation_robot) by extension 'ros'
[4.273s] DEBUG:colcon.colcon_core.package_identification:Package 'src/navigation_robot' with type 'ros.ament_python' and name 'navigation_robot'
[4.273s] Level 1:colcon.colcon_core.package_discovery:discover_packages(recursive) using defaults
[4.273s] Level 1:colcon.colcon_core.package_discovery:discover_packages(ignore) discover
[4.273s] Level 1:colcon.colcon_core.package_discovery:discover_packages(ignore) using defaults
[4.273s] Level 1:colcon.colcon_core.package_discovery:discover_packages(path) discover
[4.273s] Level 1:colcon.colcon_core.package_discovery:discover_packages(path) using defaults
[4.573s] Level 1:colcon.colcon_core.package_discovery:discover_packages(prefix_path) check parameters
[4.573s] Level 1:colcon.colcon_core.package_discovery:discover_packages(prefix_path) discover
[4.726s] DEBUG:colcon.colcon_installed_package_information.package_discovery:Found 2 installed packages in /home/mohamad/Inmind/Robotics-Session7-Assignment/Session7_ros2_ws/install
[4.734s] DEBUG:colcon.colcon_installed_package_information.package_discovery:Found 2 installed packages in /home/mohamad/Inmind/Robotics-Session6-Assignment/Session6_ros2_ws/install
[4.735s] DEBUG:colcon.colcon_installed_package_information.package_discovery:Found 1 installed packages in /home/mohamad/Inmind/Robotics-Session5-Ros2/session5_ros2_ws/install
[4.756s] DEBUG:colcon.colcon_installed_package_information.package_discovery:Found 1 installed packages in /home/mohamad/Inmind/ros2_ws/install
[4.757s] DEBUG:colcon.colcon_installed_package_information.package_discovery:Found 1 installed packages in /home/mohamad/ros2_ws/install
[4.779s] DEBUG:colcon.colcon_installed_package_information.package_discovery:Found 337 installed packages in /opt/ros/humble
[4.784s] Level 1:colcon.colcon_core.package_discovery:discover_packages(prefix_path) using defaults
[7.337s] Level 5:colcon.colcon_core.verb:set package 'custom_interfaces' build argument 'cmake_args' from command line to 'None'
[7.341s] Level 5:colcon.colcon_core.verb:set package 'custom_interfaces' build argument 'cmake_target' from command line to 'None'
[7.342s] Level 5:colcon.colcon_core.verb:set package 'custom_interfaces' build argument 'cmake_target_skip_unavailable' from command line to 'False'
[7.342s] Level 5:colcon.colcon_core.verb:set package 'custom_interfaces' build argument 'cmake_clean_cache' from command line to 'False'
[7.342s] Level 5:colcon.colcon_core.verb:set package 'custom_interfaces' build argument 'cmake_clean_first' from command line to 'False'
[7.342s] Level 5:colcon.colcon_core.verb:set package 'custom_interfaces' build argument 'cmake_force_configure' from command line to 'False'
[7.342s] Level 5:colcon.colcon_core.verb:set package 'custom_interfaces' build argument 'ament_cmake_args' from command line to 'None'
[7.342s] Level 5:colcon.colcon_core.verb:set package 'custom_interfaces' build argument 'catkin_cmake_args' from command line to 'None'
[7.342s] Level 5:colcon.colcon_core.verb:set package 'custom_interfaces' build argument 'catkin_skip_building_tests' from command line to 'False'
[7.342s] DEBUG:colcon.colcon_core.verb:Building package 'custom_interfaces' with the following arguments: {'ament_cmake_args': None, 'build_base': '/home/mohamad/Inmind/Robotics-Session7-Assignment/Session7_ros2_ws/build/custom_interfaces', 'catkin_cmake_args': None, 'catkin_skip_building_tests': False, 'cmake_args': None, 'cmake_clean_cache': False, 'cmake_clean_first': False, 'cmake_force_configure': False, 'cmake_target': None, 'cmake_target_skip_unavailable': False, 'install_base': '/home/mohamad/Inmind/Robotics-Session7-Assignment/Session7_ros2_ws/install/custom_interfaces', 'merge_install': False, 'path': '/home/mohamad/Inmind/Robotics-Session7-Assignment/Session7_ros2_ws/src/custom_interfaces', 'symlink_install': False, 'test_result_base': None}
[7.343s] Level 5:colcon.colcon_core.verb:set package 'navigation_robot' build argument 'cmake_args' from command line to 'None'
[7.344s] Level 5:colcon.colcon_core.verb:set package 'navigation_robot' build argument 'cmake_target' from command line to 'None'
[7.344s] Level 5:colcon.colcon_core.verb:set package 'navigation_robot' build argument 'cmake_target_skip_unavailable' from command line to 'False'
[7.344s] Level 5:colcon.colcon_core.verb:set package 'navigation_robot' build argument 'cmake_clean_cache' from command line to 'False'
[7.344s] Level 5:colcon.colcon_core.verb:set package 'navigation_robot' build argument 'cmake_clean_first' from command line to 'False'
[7.344s] Level 5:colcon.colcon_core.verb:set package 'navigation_robot' build argument 'cmake_force_configure' from command line to 'False'
[7.344s] Level 5:colcon.colcon_core.verb:set package 'navigation_robot' build argument 'ament_cmake_args' from command line to 'None'
[7.345s] Level 5:colcon.colcon_core.verb:set package 'navigation_robot' build argument 'catkin_cmake_args' from command line to 'None'
[7.345s] Level 5:colcon.colcon_core.verb:set package 'navigation_robot' build argument 'catkin_skip_building_tests' from command line to 'False'
[7.345s] DEBUG:colcon.colcon_core.verb:Building package 'navigation_robot' with the following arguments: {'ament_cmake_args': None, 'build_base': '/home/mohamad/Inmind/Robotics-Session7-Assignment/Session7_ros2_ws/build/navigation_robot', 'catkin_cmake_args': None, 'catkin_skip_building_tests': False, 'cmake_args': None, 'cmake_clean_cache': False, 'cmake_clean_first': False, 'cmake_force_configure': False, 'cmake_target': None, 'cmake_target_skip_unavailable': False, 'install_base': '/home/mohamad/Inmind/Robotics-Session7-Assignment/Session7_ros2_ws/install/navigation_robot', 'merge_install': False, 'path': '/home/mohamad/Inmind/Robotics-Session7-Assignment/Session7_ros2_ws/src/navigation_robot', 'symlink_install': False, 'test_result_base': None}
[7.345s] INFO:colcon.colcon_core.executor:Executing jobs using 'parallel' executor
[7.348s] DEBUG:colcon.colcon_parallel_executor.executor.parallel:run_until_complete
[7.348s] INFO:colcon.colcon_ros.task.ament_cmake.build:Building ROS package in '/home/mohamad/Inmind/Robotics-Session7-Assignment/Session7_ros2_ws/src/custom_interfaces' with build type 'ament_cmake'
[7.352s] INFO:colcon.colcon_cmake.task.cmake.build:Building CMake package in '/home/mohamad/Inmind/Robotics-Session7-Assignment/Session7_ros2_ws/src/custom_interfaces'
[7.582s] INFO:colcon.colcon_core.plugin_system:Skipping extension 'colcon_core.shell.bat': Not used on non-Windows systems
[7.582s] INFO:colcon.colcon_core.shell:Skip shell extension 'powershell' for command environment: Not usable outside of PowerShell
[7.582s] DEBUG:colcon.colcon_core.shell:Skip shell extension 'dsv' for command environment
[7.625s] INFO:colcon.colcon_ros.task.ament_python.build:Building ROS package in '/home/mohamad/Inmind/Robotics-Session7-Assignment/Session7_ros2_ws/src/navigation_robot' with build type 'ament_python'
[7.625s] Level 1:colcon.colcon_core.shell:create_environment_hook('navigation_robot', 'ament_prefix_path')
[7.626s] INFO:colcon.colcon_core.shell:Creating environment hook '/home/mohamad/Inmind/Robotics-Session7-Assignment/Session7_ros2_ws/install/navigation_robot/share/navigation_robot/hook/ament_prefix_path.ps1'
[7.742s] INFO:colcon.colcon_core.shell:Creating environment descriptor '/home/mohamad/Inmind/Robotics-Session7-Assignment/Session7_ros2_ws/install/navigation_robot/share/navigation_robot/hook/ament_prefix_path.dsv'
[7.766s] INFO:colcon.colcon_core.shell:Creating environment hook '/home/mohamad/Inmind/Robotics-Session7-Assignment/Session7_ros2_ws/install/navigation_robot/share/navigation_robot/hook/ament_prefix_path.sh'
[7.781s] INFO:colcon.colcon_core.shell:Skip shell extension 'powershell' for command environment: Not usable outside of PowerShell
[7.782s] DEBUG:colcon.colcon_core.shell:Skip shell extension 'dsv' for command environment
[7.900s] DEBUG:colcon.colcon_core.event_handler.log_command:Invoking command in '/home/mohamad/Inmind/Robotics-Session7-Assignment/Session7_ros2_ws/build/custom_interfaces': CMAKE_PREFIX_PATH=${CMAKE_PREFIX_PATH}:/home/mohamad/Inmind/Robotics-Session7-Assignment/Session7_ros2_ws/install/navigation_robot:/home/mohamad/Inmind/Robotics-Session6-Assignment/Session6_ros2_ws/install/session6_assignment:/home/mohamad/Inmind/ros2_ws/install/session5_academy:/home/mohamad/Inmind/Robotics-Session5-Ros2/session5_ros2_ws/install/session5_assignment:/home/mohamad/ros2_ws/install/my_robot_controller:/opt/ros/humble /usr/bin/cmake --build /home/mohamad/Inmind/Robotics-Session7-Assignment/Session7_ros2_ws/build/custom_interfaces -- -j4 -l4
[8.590s] INFO:colcon.colcon_core.task.python.build:Building Python package in '/home/mohamad/Inmind/Robotics-Session7-Assignment/Session7_ros2_ws/src/navigation_robot'
[8.590s] INFO:colcon.colcon_core.shell:Skip shell extension 'powershell' for command environment: Not usable outside of PowerShell
[8.590s] DEBUG:colcon.colcon_core.shell:Skip shell extension 'dsv' for command environment
[9.994s] DEBUG:colcon.colcon_core.event_handler.log_command:Invoking command in '/home/mohamad/Inmind/Robotics-Session7-Assignment/Session7_ros2_ws/src/navigation_robot': PYTHONPATH=/home/mohamad/Inmind/Robotics-Session7-Assignment/Session7_ros2_ws/build/navigation_robot/prefix_override:/usr/lib/python3/dist-packages/colcon_core/task/python/colcon_distutils_commands:/home/mohamad/Inmind/Robotics-Session7-Assignment/Session7_ros2_ws/install/navigation_robot/lib/python3.10/site-packages:${PYTHONPATH} /usr/bin/python3 -W ignore:setup.py install is deprecated setup.py egg_info --egg-base ../../build/navigation_robot build --build-base /home/mohamad/Inmind/Robotics-Session7-Assignment/Session7_ros2_ws/build/navigation_robot/build install --record /home/mohamad/Inmind/Robotics-Session7-Assignment/Session7_ros2_ws/build/navigation_robot/install.log --single-version-externally-managed install_data
[10.880s] DEBUG:colcon.colcon_core.event_handler.log_command:Invoked command in '/home/mohamad/Inmind/Robotics-Session7-Assignment/Session7_ros2_ws/src/navigation_robot' returned '0': PYTHONPATH=/home/mohamad/Inmind/Robotics-Session7-Assignment/Session7_ros2_ws/build/navigation_robot/prefix_override:/usr/lib/python3/dist-packages/colcon_core/task/python/colcon_distutils_commands:/home/mohamad/Inmind/Robotics-Session7-Assignment/Session7_ros2_ws/install/navigation_robot/lib/python3.10/site-packages:${PYTHONPATH} /usr/bin/python3 -W ignore:setup.py install is deprecated setup.py egg_info --egg-base ../../build/navigation_robot build --build-base /home/mohamad/Inmind/Robotics-Session7-Assignment/Session7_ros2_ws/build/navigation_robot/build install --record /home/mohamad/Inmind/Robotics-Session7-Assignment/Session7_ros2_ws/build/navigation_robot/install.log --single-version-externally-managed install_data
[11.135s] Level 1:colcon.colcon_core.environment:checking '/home/mohamad/Inmind/Robotics-Session7-Assignment/Session7_ros2_ws/install/navigation_robot' for CMake module files
[11.137s] Level 1:colcon.colcon_core.environment:checking '/home/mohamad/Inmind/Robotics-Session7-Assignment/Session7_ros2_ws/install/navigation_robot' for CMake config files
[11.138s] Level 1:colcon.colcon_core.environment:checking '/home/mohamad/Inmind/Robotics-Session7-Assignment/Session7_ros2_ws/install/navigation_robot/lib'
[11.139s] Level 1:colcon.colcon_core.environment:checking '/home/mohamad/Inmind/Robotics-Session7-Assignment/Session7_ros2_ws/install/navigation_robot/bin'
[11.139s] Level 1:colcon.colcon_core.environment:checking '/home/mohamad/Inmind/Robotics-Session7-Assignment/Session7_ros2_ws/install/navigation_robot/lib/pkgconfig/navigation_robot.pc'
[11.140s] Level 1:colcon.colcon_core.environment:checking '/home/mohamad/Inmind/Robotics-Session7-Assignment/Session7_ros2_ws/install/navigation_robot/lib/python3.10/site-packages'
[11.140s] Level 1:colcon.colcon_core.shell:create_environment_hook('navigation_robot', 'pythonpath')
[11.142s] INFO:colcon.colcon_core.shell:Creating environment hook '/home/mohamad/Inmind/Robotics-Session7-Assignment/Session7_ros2_ws/install/navigation_robot/share/navigation_robot/hook/pythonpath.ps1'
[11.143s] INFO:colcon.colcon_core.shell:Creating environment descriptor '/home/mohamad/Inmind/Robotics-Session7-Assignment/Session7_ros2_ws/install/navigation_robot/share/navigation_robot/hook/pythonpath.dsv'
[11.144s] INFO:colcon.colcon_core.shell:Creating environment hook '/home/mohamad/Inmind/Robotics-Session7-Assignment/Session7_ros2_ws/install/navigation_robot/share/navigation_robot/hook/pythonpath.sh'
[11.145s] Level 1:colcon.colcon_core.environment:checking '/home/mohamad/Inmind/Robotics-Session7-Assignment/Session7_ros2_ws/install/navigation_robot/bin'
[11.145s] Level 1:colcon.colcon_core.environment:create_environment_scripts_only(navigation_robot)
[11.146s] INFO:colcon.colcon_core.shell:Creating package script '/home/mohamad/Inmind/Robotics-Session7-Assignment/Session7_ros2_ws/install/navigation_robot/share/navigation_robot/package.ps1'
[11.174s] INFO:colcon.colcon_core.shell:Creating package descriptor '/home/mohamad/Inmind/Robotics-Session7-Assignment/Session7_ros2_ws/install/navigation_robot/share/navigation_robot/package.dsv'
[11.215s] INFO:colcon.colcon_core.shell:Creating package script '/home/mohamad/Inmind/Robotics-Session7-Assignment/Session7_ros2_ws/install/navigation_robot/share/navigation_robot/package.sh'
[11.233s] INFO:colcon.colcon_core.shell:Creating package script '/home/mohamad/Inmind/Robotics-Session7-Assignment/Session7_ros2_ws/install/navigation_robot/share/navigation_robot/package.bash'
[11.257s] INFO:colcon.colcon_core.shell:Creating package script '/home/mohamad/Inmind/Robotics-Session7-Assignment/Session7_ros2_ws/install/navigation_robot/share/navigation_robot/package.zsh'
[11.306s] Level 1:colcon.colcon_core.environment:create_file_with_runtime_dependencies(/home/mohamad/Inmind/Robotics-Session7-Assignment/Session7_ros2_ws/install/navigation_robot/share/colcon-core/packages/navigation_robot)
[11.983s] DEBUG:colcon.colcon_core.event_handler.log_command:Invoked command in '/home/mohamad/Inmind/Robotics-Session7-Assignment/Session7_ros2_ws/build/custom_interfaces' returned '0': CMAKE_PREFIX_PATH=${CMAKE_PREFIX_PATH}:/home/mohamad/Inmind/Robotics-Session7-Assignment/Session7_ros2_ws/install/navigation_robot:/home/mohamad/Inmind/Robotics-Session6-Assignment/Session6_ros2_ws/install/session6_assignment:/home/mohamad/Inmind/ros2_ws/install/session5_academy:/home/mohamad/Inmind/Robotics-Session5-Ros2/session5_ros2_ws/install/session5_assignment:/home/mohamad/ros2_ws/install/my_robot_controller:/opt/ros/humble /usr/bin/cmake --build /home/mohamad/Inmind/Robotics-Session7-Assignment/Session7_ros2_ws/build/custom_interfaces -- -j4 -l4
[12.636s] DEBUG:colcon.colcon_core.event_handler.log_command:Invoking command in '/home/mohamad/Inmind/Robotics-Session7-Assignment/Session7_ros2_ws/build/custom_interfaces': CMAKE_PREFIX_PATH=${CMAKE_PREFIX_PATH}:/home/mohamad/Inmind/Robotics-Session7-Assignment/Session7_ros2_ws/install/navigation_robot:/home/mohamad/Inmind/Robotics-Session6-Assignment/Session6_ros2_ws/install/session6_assignment:/home/mohamad/Inmind/ros2_ws/install/session5_academy:/home/mohamad/Inmind/Robotics-Session5-Ros2/session5_ros2_ws/install/session5_assignment:/home/mohamad/ros2_ws/install/my_robot_controller:/opt/ros/humble /usr/bin/cmake --install /home/mohamad/Inmind/Robotics-Session7-Assignment/Session7_ros2_ws/build/custom_interfaces
[13.829s] Level 1:colcon.colcon_core.environment:create_environment_scripts_only(custom_interfaces)
[13.829s] Level 1:colcon.colcon_core.environment:checking '/home/mohamad/Inmind/Robotics-Session7-Assignment/Session7_ros2_ws/install/custom_interfaces' for CMake module files
[13.831s] DEBUG:colcon.colcon_core.event_handler.log_command:Invoked command in '/home/mohamad/Inmind/Robotics-Session7-Assignment/Session7_ros2_ws/build/custom_interfaces' returned '0': CMAKE_PREFIX_PATH=${CMAKE_PREFIX_PATH}:/home/mohamad/Inmind/Robotics-Session7-Assignment/Session7_ros2_ws/install/navigation_robot:/home/mohamad/Inmind/Robotics-Session6-Assignment/Session6_ros2_ws/install/session6_assignment:/home/mohamad/Inmind/ros2_ws/install/session5_academy:/home/mohamad/Inmind/Robotics-Session5-Ros2/session5_ros2_ws/install/session5_assignment:/home/mohamad/ros2_ws/install/my_robot_controller:/opt/ros/humble /usr/bin/cmake --install /home/mohamad/Inmind/Robotics-Session7-Assignment/Session7_ros2_ws/build/custom_interfaces
[13.832s] Level 1:colcon.colcon_core.environment:checking '/home/mohamad/Inmind/Robotics-Session7-Assignment/Session7_ros2_ws/install/custom_interfaces' for CMake config files
[13.832s] Level 1:colcon.colcon_core.shell:create_environment_hook('custom_interfaces', 'cmake_prefix_path')
[13.833s] INFO:colcon.colcon_core.shell:Creating environment hook '/home/mohamad/Inmind/Robotics-Session7-Assignment/Session7_ros2_ws/install/custom_interfaces/share/custom_interfaces/hook/cmake_prefix_path.ps1'
[13.834s] INFO:colcon.colcon_core.shell:Creating environment descriptor '/home/mohamad/Inmind/Robotics-Session7-Assignment/Session7_ros2_ws/install/custom_interfaces/share/custom_interfaces/hook/cmake_prefix_path.dsv'
[13.835s] INFO:colcon.colcon_core.shell:Creating environment hook '/home/mohamad/Inmind/Robotics-Session7-Assignment/Session7_ros2_ws/install/custom_interfaces/share/custom_interfaces/hook/cmake_prefix_path.sh'
[13.836s] Level 1:colcon.colcon_core.environment:checking '/home/mohamad/Inmind/Robotics-Session7-Assignment/Session7_ros2_ws/install/custom_interfaces/lib'
[13.836s] Level 1:colcon.colcon_core.shell:create_environment_hook('custom_interfaces', 'ld_library_path_lib')
[13.836s] INFO:colcon.colcon_core.shell:Creating environment hook '/home/mohamad/Inmind/Robotics-Session7-Assignment/Session7_ros2_ws/install/custom_interfaces/share/custom_interfaces/hook/ld_library_path_lib.ps1'
[13.837s] INFO:colcon.colcon_core.shell:Creating environment descriptor '/home/mohamad/Inmind/Robotics-Session7-Assignment/Session7_ros2_ws/install/custom_interfaces/share/custom_interfaces/hook/ld_library_path_lib.dsv'
[13.838s] INFO:colcon.colcon_core.shell:Creating environment hook '/home/mohamad/Inmind/Robotics-Session7-Assignment/Session7_ros2_ws/install/custom_interfaces/share/custom_interfaces/hook/ld_library_path_lib.sh'
[13.838s] Level 1:colcon.colcon_core.environment:checking '/home/mohamad/Inmind/Robotics-Session7-Assignment/Session7_ros2_ws/install/custom_interfaces/bin'
[13.840s] Level 1:colcon.colcon_core.environment:checking '/home/mohamad/Inmind/Robotics-Session7-Assignment/Session7_ros2_ws/install/custom_interfaces/lib/pkgconfig/custom_interfaces.pc'
[13.841s] Level 1:colcon.colcon_core.environment:checking '/home/mohamad/Inmind/Robotics-Session7-Assignment/Session7_ros2_ws/install/custom_interfaces/lib/python3.10/site-packages'
[13.841s] Level 1:colcon.colcon_core.environment:checking '/home/mohamad/Inmind/Robotics-Session7-Assignment/Session7_ros2_ws/install/custom_interfaces/bin'
[13.841s] INFO:colcon.colcon_core.shell:Creating package script '/home/mohamad/Inmind/Robotics-Session7-Assignment/Session7_ros2_ws/install/custom_interfaces/share/custom_interfaces/package.ps1'
[13.842s] INFO:colcon.colcon_core.shell:Creating package descriptor '/home/mohamad/Inmind/Robotics-Session7-Assignment/Session7_ros2_ws/install/custom_interfaces/share/custom_interfaces/package.dsv'
[13.843s] INFO:colcon.colcon_core.shell:Creating package script '/home/mohamad/Inmind/Robotics-Session7-Assignment/Session7_ros2_ws/install/custom_interfaces/share/custom_interfaces/package.sh'
[13.843s] INFO:colcon.colcon_core.shell:Creating package script '/home/mohamad/Inmind/Robotics-Session7-Assignment/Session7_ros2_ws/install/custom_interfaces/share/custom_interfaces/package.bash'
[13.844s] INFO:colcon.colcon_core.shell:Creating package script '/home/mohamad/Inmind/Robotics-Session7-Assignment/Session7_ros2_ws/install/custom_interfaces/share/custom_interfaces/package.zsh'
[13.845s] Level 1:colcon.colcon_core.environment:create_file_with_runtime_dependencies(/home/mohamad/Inmind/Robotics-Session7-Assignment/Session7_ros2_ws/install/custom_interfaces/share/colcon-core/packages/custom_interfaces)
[14.627s] Level 1:colcon.colcon_core.environment:create_environment_scripts_only(custom_interfaces)
[14.627s] Level 1:colcon.colcon_core.environment:checking '/home/mohamad/Inmind/Robotics-Session7-Assignment/Session7_ros2_ws/install/custom_interfaces' for CMake module files
[14.628s] Level 1:colcon.colcon_core.environment:checking '/home/mohamad/Inmind/Robotics-Session7-Assignment/Session7_ros2_ws/install/custom_interfaces' for CMake config files
[14.630s] Level 1:colcon.colcon_core.shell:create_environment_hook('custom_interfaces', 'cmake_prefix_path')
[14.630s] INFO:colcon.colcon_core.shell:Creating environment hook '/home/mohamad/Inmind/Robotics-Session7-Assignment/Session7_ros2_ws/install/custom_interfaces/share/custom_interfaces/hook/cmake_prefix_path.ps1'
[14.632s] INFO:colcon.colcon_core.shell:Creating environment descriptor '/home/mohamad/Inmind/Robotics-Session7-Assignment/Session7_ros2_ws/install/custom_interfaces/share/custom_interfaces/hook/cmake_prefix_path.dsv'
[14.635s] INFO:colcon.colcon_core.shell:Creating environment hook '/home/mohamad/Inmind/Robotics-Session7-Assignment/Session7_ros2_ws/install/custom_interfaces/share/custom_interfaces/hook/cmake_prefix_path.sh'
[14.638s] Level 1:colcon.colcon_core.environment:checking '/home/mohamad/Inmind/Robotics-Session7-Assignment/Session7_ros2_ws/install/custom_interfaces/lib'
[14.638s] Level 1:colcon.colcon_core.shell:create_environment_hook('custom_interfaces', 'ld_library_path_lib')
[14.639s] INFO:colcon.colcon_core.shell:Creating environment hook '/home/mohamad/Inmind/Robotics-Session7-Assignment/Session7_ros2_ws/install/custom_interfaces/share/custom_interfaces/hook/ld_library_path_lib.ps1'
[14.642s] INFO:colcon.colcon_core.shell:Creating environment descriptor '/home/mohamad/Inmind/Robotics-Session7-Assignment/Session7_ros2_ws/install/custom_interfaces/share/custom_interfaces/hook/ld_library_path_lib.dsv'
[14.644s] INFO:colcon.colcon_core.shell:Creating environment hook '/home/mohamad/Inmind/Robotics-Session7-Assignment/Session7_ros2_ws/install/custom_interfaces/share/custom_interfaces/hook/ld_library_path_lib.sh'
[14.646s] Level 1:colcon.colcon_core.environment:checking '/home/mohamad/Inmind/Robotics-Session7-Assignment/Session7_ros2_ws/install/custom_interfaces/bin'
[14.646s] Level 1:colcon.colcon_core.environment:checking '/home/mohamad/Inmind/Robotics-Session7-Assignment/Session7_ros2_ws/install/custom_interfaces/lib/pkgconfig/custom_interfaces.pc'
[14.648s] Level 1:colcon.colcon_core.environment:checking '/home/mohamad/Inmind/Robotics-Session7-Assignment/Session7_ros2_ws/install/custom_interfaces/lib/python3.10/site-packages'
[14.648s] Level 1:colcon.colcon_core.environment:checking '/home/mohamad/Inmind/Robotics-Session7-Assignment/Session7_ros2_ws/install/custom_interfaces/bin'
[14.651s] INFO:colcon.colcon_core.shell:Creating package script '/home/mohamad/Inmind/Robotics-Session7-Assignment/Session7_ros2_ws/install/custom_interfaces/share/custom_interfaces/package.ps1'
[14.654s] INFO:colcon.colcon_core.shell:Creating package descriptor '/home/mohamad/Inmind/Robotics-Session7-Assignment/Session7_ros2_ws/install/custom_interfaces/share/custom_interfaces/package.dsv'
[14.660s] INFO:colcon.colcon_core.shell:Creating package script '/home/mohamad/Inmind/Robotics-Session7-Assignment/Session7_ros2_ws/install/custom_interfaces/share/custom_interfaces/package.sh'
[14.661s] INFO:colcon.colcon_core.shell:Creating package script '/home/mohamad/Inmind/Robotics-Session7-Assignment/Session7_ros2_ws/install/custom_interfaces/share/custom_interfaces/package.bash'
[14.662s] INFO:colcon.colcon_core.shell:Creating package script '/home/mohamad/Inmind/Robotics-Session7-Assignment/Session7_ros2_ws/install/custom_interfaces/share/custom_interfaces/package.zsh'
[14.664s] Level 1:colcon.colcon_core.environment:create_file_with_runtime_dependencies(/home/mohamad/Inmind/Robotics-Session7-Assignment/Session7_ros2_ws/install/custom_interfaces/share/colcon-core/packages/custom_interfaces)
[14.673s] DEBUG:colcon.colcon_parallel_executor.executor.parallel:closing loop
[14.674s] DEBUG:colcon.colcon_parallel_executor.executor.parallel:loop closed
[14.674s] DEBUG:colcon.colcon_parallel_executor.executor.parallel:run_until_complete finished with '0'
[14.674s] DEBUG:colcon.colcon_core.event_reactor:joining thread
[14.984s] INFO:colcon.colcon_core.plugin_system:Skipping extension 'colcon_notification.desktop_notification.terminal_notifier': Not used on non-Darwin systems
[14.985s] INFO:colcon.colcon_core.plugin_system:Skipping extension 'colcon_notification.desktop_notification.win32': Not used on non-Windows systems
[14.993s] INFO:colcon.colcon_notification.desktop_notification:Sending desktop notification using 'notify2'
[18.109s] DEBUG:colcon.colcon_core.event_reactor:joined thread
[18.109s] INFO:colcon.colcon_core.shell:Creating prefix script '/home/mohamad/Inmind/Robotics-Session7-Assignment/Session7_ros2_ws/install/local_setup.ps1'
[18.139s] INFO:colcon.colcon_core.shell:Creating prefix util module '/home/mohamad/Inmind/Robotics-Session7-Assignment/Session7_ros2_ws/install/_local_setup_util_ps1.py'
[18.159s] INFO:colcon.colcon_core.shell:Creating prefix chain script '/home/mohamad/Inmind/Robotics-Session7-Assignment/Session7_ros2_ws/install/setup.ps1'
[18.175s] INFO:colcon.colcon_core.shell:Creating prefix script '/home/mohamad/Inmind/Robotics-Session7-Assignment/Session7_ros2_ws/install/local_setup.sh'
[18.177s] INFO:colcon.colcon_core.shell:Creating prefix util module '/home/mohamad/Inmind/Robotics-Session7-Assignment/Session7_ros2_ws/install/_local_setup_util_sh.py'
[18.179s] INFO:colcon.colcon_core.shell:Creating prefix chain script '/home/mohamad/Inmind/Robotics-Session7-Assignment/Session7_ros2_ws/install/setup.sh'
[18.195s] INFO:colcon.colcon_core.shell:Creating prefix script '/home/mohamad/Inmind/Robotics-Session7-Assignment/Session7_ros2_ws/install/local_setup.bash'
[18.214s] INFO:colcon.colcon_core.shell:Creating prefix chain script '/home/mohamad/Inmind/Robotics-Session7-Assignment/Session7_ros2_ws/install/setup.bash'
[18.218s] INFO:colcon.colcon_core.shell:Creating prefix script '/home/mohamad/Inmind/Robotics-Session7-Assignment/Session7_ros2_ws/install/local_setup.zsh'
[18.229s] INFO:colcon.colcon_core.shell:Creating prefix chain script '/home/mohamad/Inmind/Robotics-Session7-Assignment/Session7_ros2_ws/install/setup.zsh'
