[2.107s] Invoking command in '/home/mohamad/Inmind/Robotics-Session7-Assignment/Session7_ros2_ws/src/navigation_robot': PYTHONPATH=/home/mohamad/Inmind/Robotics-Session7-Assignment/Session7_ros2_ws/build/navigation_robot/prefix_override:/usr/lib/python3/dist-packages/colcon_core/task/python/colcon_distutils_commands:/home/mohamad/Inmind/Robotics-Session7-Assignment/Session7_ros2_ws/install/navigation_robot/lib/python3.10/site-packages:${PYTHONPATH} /usr/bin/python3 -W ignore:setup.py install is deprecated setup.py egg_info --egg-base ../../build/navigation_robot build --build-base /home/mohamad/Inmind/Robotics-Session7-Assignment/Session7_ros2_ws/build/navigation_robot/build install --record /home/mohamad/Inmind/Robotics-Session7-Assignment/Session7_ros2_ws/build/navigation_robot/install.log --single-version-externally-managed install_data
[2.575s] running egg_info
[2.578s] writing ../../build/navigation_robot/navigation_robot.egg-info/PKG-INFO
[2.581s] writing dependency_links to ../../build/navigation_robot/navigation_robot.egg-info/dependency_links.txt
[2.582s] writing entry points to ../../build/navigation_robot/navigation_robot.egg-info/entry_points.txt
[2.583s] writing requirements to ../../build/navigation_robot/navigation_robot.egg-info/requires.txt
[2.585s] writing top-level names to ../../build/navigation_robot/navigation_robot.egg-info/top_level.txt
[2.589s] reading manifest file '../../build/navigation_robot/navigation_robot.egg-info/SOURCES.txt'
[2.591s] writing manifest file '../../build/navigation_robot/navigation_robot.egg-info/SOURCES.txt'
[2.592s] running build
[2.592s] running build_py
[2.592s] copying navigation_robot/lap_time_server.py -> /home/mohamad/Inmind/Robotics-Session7-Assignment/Session7_ros2_ws/build/navigation_robot/build/lib/navigation_robot
[2.594s] running install
[2.594s] running install_lib
[2.597s] copying /home/mohamad/Inmind/Robotics-Session7-Assignment/Session7_ros2_ws/build/navigation_robot/build/lib/navigation_robot/lap_time_server.py -> /home/mohamad/Inmind/Robotics-Session7-Assignment/Session7_ros2_ws/install/navigation_robot/lib/python3.10/site-packages/navigation_robot
[2.598s] byte-compiling /home/mohamad/Inmind/Robotics-Session7-Assignment/Session7_ros2_ws/install/navigation_robot/lib/python3.10/site-packages/navigation_robot/lap_time_server.py to lap_time_server.cpython-310.pyc
[2.599s] running install_data
[2.599s] running install_egg_info
[2.603s] removing '/home/mohamad/Inmind/Robotics-Session7-Assignment/Session7_ros2_ws/install/navigation_robot/lib/python3.10/site-packages/navigation_robot-0.0.0-py3.10.egg-info' (and everything under it)
[2.610s] Copying ../../build/navigation_robot/navigation_robot.egg-info to /home/mohamad/Inmind/Robotics-Session7-Assignment/Session7_ros2_ws/install/navigation_robot/lib/python3.10/site-packages/navigation_robot-0.0.0-py3.10.egg-info
[2.631s] running install_scripts
[2.673s] Installing lap_time_client script to /home/mohamad/Inmind/Robotics-Session7-Assignment/Session7_ros2_ws/install/navigation_robot/lib/navigation_robot
[2.674s] Installing lap_time_server script to /home/mohamad/Inmind/Robotics-Session7-Assignment/Session7_ros2_ws/install/navigation_robot/lib/navigation_robot
[2.676s] Installing robot_driver script to /home/mohamad/Inmind/Robotics-Session7-Assignment/Session7_ros2_ws/install/navigation_robot/lib/navigation_robot
[2.677s] Installing wall_finder script to /home/mohamad/Inmind/Robotics-Session7-Assignment/Session7_ros2_ws/install/navigation_robot/lib/navigation_robot
[2.678s] writing list of installed files to '/home/mohamad/Inmind/Robotics-Session7-Assignment/Session7_ros2_ws/build/navigation_robot/install.log'
[2.740s] Invoked command in '/home/mohamad/Inmind/Robotics-Session7-Assignment/Session7_ros2_ws/src/navigation_robot' returned '0': PYTHONPATH=/home/mohamad/Inmind/Robotics-Session7-Assignment/Session7_ros2_ws/build/navigation_robot/prefix_override:/usr/lib/python3/dist-packages/colcon_core/task/python/colcon_distutils_commands:/home/mohamad/Inmind/Robotics-Session7-Assignment/Session7_ros2_ws/install/navigation_robot/lib/python3.10/site-packages:${PYTHONPATH} /usr/bin/python3 -W ignore:setup.py install is deprecated setup.py egg_info --egg-base ../../build/navigation_robot build --build-base /home/mohamad/Inmind/Robotics-Session7-Assignment/Session7_ros2_ws/build/navigation_robot/build install --record /home/mohamad/Inmind/Robotics-Session7-Assignment/Session7_ros2_ws/build/navigation_robot/install.log --single-version-externally-managed install_data
