[0.227s] Invoking command in '/home/mohamad/Inmind/Robotics-Session7-Assignment/Session7_ros2_ws/build/custom_interfaces': CMAKE_PREFIX_PATH=${CMAKE_PREFIX_PATH}:/home/mohamad/Inmind/Robotics-Session7-Assignment/Session7_ros2_ws/install/navigation_robot:/home/mohamad/Inmind/Robotics-Session6-Assignment/Session6_ros2_ws/install/session6_assignment:/home/mohamad/Inmind/ros2_ws/install/session5_academy:/home/mohamad/Inmind/Robotics-Session5-Ros2/session5_ros2_ws/install/session5_assignment:/home/mohamad/ros2_ws/install/my_robot_controller:/opt/ros/humble /usr/bin/cmake --build /home/mohamad/Inmind/Robotics-Session7-Assignment/Session7_ros2_ws/build/custom_interfaces -- -j4 -l4
[0.546s] [  3%] Built target custom_interfaces__cpp
[0.639s] [  3%] Built target ament_cmake_python_copy_custom_interfaces
[0.695s] [ 12%] Built target custom_interfaces__rosidl_typesupport_fastrtps_cpp
[0.891s] [ 22%] Built target custom_interfaces__rosidl_typesupport_introspection_cpp
[2.062s] running egg_info
[2.070s] writing custom_interfaces.egg-info/PKG-INFO
[2.070s] writing dependency_links to custom_interfaces.egg-info/dependency_links.txt
[2.070s] writing top-level names to custom_interfaces.egg-info/top_level.txt
[2.070s] reading manifest file 'custom_interfaces.egg-info/SOURCES.txt'
[2.070s] writing manifest file 'custom_interfaces.egg-info/SOURCES.txt'
[2.284s] [ 22%] Built target ament_cmake_python_build_custom_interfaces_egg
[2.587s] [ 32%] Built target custom_interfaces__rosidl_typesupport_cpp
[2.777s] [ 41%] Built target custom_interfaces__rosidl_generator_c
[3.012s] [ 51%] Built target custom_interfaces__rosidl_typesupport_fastrtps_c
[3.222s] [ 61%] Built target custom_interfaces__rosidl_typesupport_c
[3.436s] [ 70%] Built target custom_interfaces__rosidl_typesupport_introspection_c
[3.623s] [ 70%] Built target custom_interfaces
[3.847s] [ 74%] Built target custom_interfaces__py
[4.230s] [ 80%] Built target custom_interfaces__rosidl_generator_py
[4.573s] [ 87%] Built target custom_interfaces__rosidl_typesupport_fastrtps_c__pyext
[4.712s] [ 93%] Built target custom_interfaces__rosidl_typesupport_c__pyext
[4.982s] [100%] Built target custom_interfaces__rosidl_typesupport_introspection_c__pyext
[5.100s] Invoked command in '/home/mohamad/Inmind/Robotics-Session7-Assignment/Session7_ros2_ws/build/custom_interfaces' returned '0': CMAKE_PREFIX_PATH=${CMAKE_PREFIX_PATH}:/home/mohamad/Inmind/Robotics-Session7-Assignment/Session7_ros2_ws/install/navigation_robot:/home/mohamad/Inmind/Robotics-Session6-Assignment/Session6_ros2_ws/install/session6_assignment:/home/mohamad/Inmind/ros2_ws/install/session5_academy:/home/mohamad/Inmind/Robotics-Session5-Ros2/session5_ros2_ws/install/session5_assignment:/home/mohamad/ros2_ws/install/my_robot_controller:/opt/ros/humble /usr/bin/cmake --build /home/mohamad/Inmind/Robotics-Session7-Assignment/Session7_ros2_ws/build/custom_interfaces -- -j4 -l4
[6.622s] Invoking command in '/home/mohamad/Inmind/Robotics-Session7-Assignment/Session7_ros2_ws/build/custom_interfaces': CMAKE_PREFIX_PATH=${CMAKE_PREFIX_PATH}:/home/mohamad/Inmind/Robotics-Session7-Assignment/Session7_ros2_ws/install/navigation_robot:/home/mohamad/Inmind/Robotics-Session6-Assignment/Session6_ros2_ws/install/session6_assignment:/home/mohamad/Inmind/ros2_ws/install/session5_academy:/home/mohamad/Inmind/Robotics-Session5-Ros2/session5_ros2_ws/install/session5_assignment:/home/mohamad/ros2_ws/install/my_robot_controller:/opt/ros/humble /usr/bin/cmake --install /home/mohamad/Inmind/Robotics-Session7-Assignment/Session7_ros2_ws/build/custom_interfaces
[6.703s] -- Install configuration: ""
[6.704s] -- Up-to-date: /home/mohamad/Inmind/Robotics-Session7-Assignment/Session7_ros2_ws/install/custom_interfaces/share/ament_index/resource_index/rosidl_interfaces/custom_interfaces
[6.705s] -- Up-to-date: /home/mohamad/Inmind/Robotics-Session7-Assignment/Session7_ros2_ws/install/custom_interfaces/include/custom_interfaces/custom_interfaces
[6.705s] -- Up-to-date: /home/mohamad/Inmind/Robotics-Session7-Assignment/Session7_ros2_ws/install/custom_interfaces/include/custom_interfaces/custom_interfaces/srv
[6.706s] -- Up-to-date: /home/mohamad/Inmind/Robotics-Session7-Assignment/Session7_ros2_ws/install/custom_interfaces/include/custom_interfaces/custom_interfaces/srv/detail
[6.706s] -- Up-to-date: /home/mohamad/Inmind/Robotics-Session7-Assignment/Session7_ros2_ws/install/custom_interfaces/include/custom_interfaces/custom_interfaces/srv/detail/find_closest_wall__functions.h
[6.707s] -- Up-to-date: /home/mohamad/Inmind/Robotics-Session7-Assignment/Session7_ros2_ws/install/custom_interfaces/include/custom_interfaces/custom_interfaces/srv/detail/find_closest_wall__type_support.h
[6.707s] -- Up-to-date: /home/mohamad/Inmind/Robotics-Session7-Assignment/Session7_ros2_ws/install/custom_interfaces/include/custom_interfaces/custom_interfaces/srv/detail/find_closest_wall__struct.h
[6.707s] -- Up-to-date: /home/mohamad/Inmind/Robotics-Session7-Assignment/Session7_ros2_ws/install/custom_interfaces/include/custom_interfaces/custom_interfaces/srv/detail/find_closest_wall__functions.c
[6.708s] -- Up-to-date: /home/mohamad/Inmind/Robotics-Session7-Assignment/Session7_ros2_ws/install/custom_interfaces/include/custom_interfaces/custom_interfaces/srv/find_closest_wall.h
[6.708s] -- Up-to-date: /home/mohamad/Inmind/Robotics-Session7-Assignment/Session7_ros2_ws/install/custom_interfaces/include/custom_interfaces/custom_interfaces/msg
[6.708s] -- Up-to-date: /home/mohamad/Inmind/Robotics-Session7-Assignment/Session7_ros2_ws/install/custom_interfaces/include/custom_interfaces/custom_interfaces/msg/rosidl_generator_c__visibility_control.h
[6.709s] -- Up-to-date: /home/mohamad/Inmind/Robotics-Session7-Assignment/Session7_ros2_ws/install/custom_interfaces/share/custom_interfaces/environment/library_path.sh
[6.709s] -- Up-to-date: /home/mohamad/Inmind/Robotics-Session7-Assignment/Session7_ros2_ws/install/custom_interfaces/share/custom_interfaces/environment/library_path.dsv
[6.709s] -- Up-to-date: /home/mohamad/Inmind/Robotics-Session7-Assignment/Session7_ros2_ws/install/custom_interfaces/lib/libcustom_interfaces__rosidl_generator_c.so
[6.709s] -- Up-to-date: /home/mohamad/Inmind/Robotics-Session7-Assignment/Session7_ros2_ws/install/custom_interfaces/include/custom_interfaces/custom_interfaces
[6.710s] -- Up-to-date: /home/mohamad/Inmind/Robotics-Session7-Assignment/Session7_ros2_ws/install/custom_interfaces/include/custom_interfaces/custom_interfaces/srv
[6.710s] -- Up-to-date: /home/mohamad/Inmind/Robotics-Session7-Assignment/Session7_ros2_ws/install/custom_interfaces/include/custom_interfaces/custom_interfaces/srv/detail
[6.710s] -- Up-to-date: /home/mohamad/Inmind/Robotics-Session7-Assignment/Session7_ros2_ws/install/custom_interfaces/include/custom_interfaces/custom_interfaces/srv/detail/find_closest_wall__rosidl_typesupport_fastrtps_c.h
[6.710s] -- Up-to-date: /home/mohamad/Inmind/Robotics-Session7-Assignment/Session7_ros2_ws/install/custom_interfaces/include/custom_interfaces/custom_interfaces/msg
[6.710s] -- Up-to-date: /home/mohamad/Inmind/Robotics-Session7-Assignment/Session7_ros2_ws/install/custom_interfaces/include/custom_interfaces/custom_interfaces/msg/rosidl_typesupport_fastrtps_c__visibility_control.h
[6.710s] -- Up-to-date: /home/mohamad/Inmind/Robotics-Session7-Assignment/Session7_ros2_ws/install/custom_interfaces/lib/libcustom_interfaces__rosidl_typesupport_fastrtps_c.so
[6.711s] -- Up-to-date: /home/mohamad/Inmind/Robotics-Session7-Assignment/Session7_ros2_ws/install/custom_interfaces/include/custom_interfaces/custom_interfaces
[6.711s] -- Up-to-date: /home/mohamad/Inmind/Robotics-Session7-Assignment/Session7_ros2_ws/install/custom_interfaces/include/custom_interfaces/custom_interfaces/srv
[6.711s] -- Up-to-date: /home/mohamad/Inmind/Robotics-Session7-Assignment/Session7_ros2_ws/install/custom_interfaces/include/custom_interfaces/custom_interfaces/srv/find_closest_wall.hpp
[6.712s] -- Up-to-date: /home/mohamad/Inmind/Robotics-Session7-Assignment/Session7_ros2_ws/install/custom_interfaces/include/custom_interfaces/custom_interfaces/srv/detail
[6.712s] -- Up-to-date: /home/mohamad/Inmind/Robotics-Session7-Assignment/Session7_ros2_ws/install/custom_interfaces/include/custom_interfaces/custom_interfaces/srv/detail/find_closest_wall__builder.hpp
[6.712s] -- Up-to-date: /home/mohamad/Inmind/Robotics-Session7-Assignment/Session7_ros2_ws/install/custom_interfaces/include/custom_interfaces/custom_interfaces/srv/detail/find_closest_wall__traits.hpp
[6.712s] -- Up-to-date: /home/mohamad/Inmind/Robotics-Session7-Assignment/Session7_ros2_ws/install/custom_interfaces/include/custom_interfaces/custom_interfaces/srv/detail/find_closest_wall__struct.hpp
[6.712s] -- Up-to-date: /home/mohamad/Inmind/Robotics-Session7-Assignment/Session7_ros2_ws/install/custom_interfaces/include/custom_interfaces/custom_interfaces
[6.712s] -- Up-to-date: /home/mohamad/Inmind/Robotics-Session7-Assignment/Session7_ros2_ws/install/custom_interfaces/include/custom_interfaces/custom_interfaces/srv
[6.712s] -- Up-to-date: /home/mohamad/Inmind/Robotics-Session7-Assignment/Session7_ros2_ws/install/custom_interfaces/include/custom_interfaces/custom_interfaces/srv/detail
[6.712s] -- Up-to-date: /home/mohamad/Inmind/Robotics-Session7-Assignment/Session7_ros2_ws/install/custom_interfaces/include/custom_interfaces/custom_interfaces/srv/detail/dds_fastrtps
[6.713s] -- Up-to-date: /home/mohamad/Inmind/Robotics-Session7-Assignment/Session7_ros2_ws/install/custom_interfaces/include/custom_interfaces/custom_interfaces/srv/detail/find_closest_wall__rosidl_typesupport_fastrtps_cpp.hpp
[6.716s] -- Up-to-date: /home/mohamad/Inmind/Robotics-Session7-Assignment/Session7_ros2_ws/install/custom_interfaces/include/custom_interfaces/custom_interfaces/msg
[6.719s] -- Up-to-date: /home/mohamad/Inmind/Robotics-Session7-Assignment/Session7_ros2_ws/install/custom_interfaces/include/custom_interfaces/custom_interfaces/msg/rosidl_typesupport_fastrtps_cpp__visibility_control.h
[6.719s] -- Up-to-date: /home/mohamad/Inmind/Robotics-Session7-Assignment/Session7_ros2_ws/install/custom_interfaces/lib/libcustom_interfaces__rosidl_typesupport_fastrtps_cpp.so
[6.719s] -- Up-to-date: /home/mohamad/Inmind/Robotics-Session7-Assignment/Session7_ros2_ws/install/custom_interfaces/include/custom_interfaces/custom_interfaces
[6.719s] -- Up-to-date: /home/mohamad/Inmind/Robotics-Session7-Assignment/Session7_ros2_ws/install/custom_interfaces/include/custom_interfaces/custom_interfaces/srv
[6.719s] -- Up-to-date: /home/mohamad/Inmind/Robotics-Session7-Assignment/Session7_ros2_ws/install/custom_interfaces/include/custom_interfaces/custom_interfaces/srv/detail
[6.719s] -- Up-to-date: /home/mohamad/Inmind/Robotics-Session7-Assignment/Session7_ros2_ws/install/custom_interfaces/include/custom_interfaces/custom_interfaces/srv/detail/find_closest_wall__rosidl_typesupport_introspection_c.h
[6.720s] -- Up-to-date: /home/mohamad/Inmind/Robotics-Session7-Assignment/Session7_ros2_ws/install/custom_interfaces/include/custom_interfaces/custom_interfaces/srv/detail/find_closest_wall__type_support.c
[6.720s] -- Up-to-date: /home/mohamad/Inmind/Robotics-Session7-Assignment/Session7_ros2_ws/install/custom_interfaces/include/custom_interfaces/custom_interfaces/msg
[6.720s] -- Up-to-date: /home/mohamad/Inmind/Robotics-Session7-Assignment/Session7_ros2_ws/install/custom_interfaces/include/custom_interfaces/custom_interfaces/msg/rosidl_typesupport_introspection_c__visibility_control.h
[6.720s] -- Up-to-date: /home/mohamad/Inmind/Robotics-Session7-Assignment/Session7_ros2_ws/install/custom_interfaces/lib/libcustom_interfaces__rosidl_typesupport_introspection_c.so
[6.720s] -- Up-to-date: /home/mohamad/Inmind/Robotics-Session7-Assignment/Session7_ros2_ws/install/custom_interfaces/lib/libcustom_interfaces__rosidl_typesupport_c.so
[6.720s] -- Up-to-date: /home/mohamad/Inmind/Robotics-Session7-Assignment/Session7_ros2_ws/install/custom_interfaces/include/custom_interfaces/custom_interfaces
[6.720s] -- Up-to-date: /home/mohamad/Inmind/Robotics-Session7-Assignment/Session7_ros2_ws/install/custom_interfaces/include/custom_interfaces/custom_interfaces/srv
[6.720s] -- Up-to-date: /home/mohamad/Inmind/Robotics-Session7-Assignment/Session7_ros2_ws/install/custom_interfaces/include/custom_interfaces/custom_interfaces/srv/detail
[6.722s] -- Up-to-date: /home/mohamad/Inmind/Robotics-Session7-Assignment/Session7_ros2_ws/install/custom_interfaces/include/custom_interfaces/custom_interfaces/srv/detail/find_closest_wall__type_support.cpp
[6.722s] -- Up-to-date: /home/mohamad/Inmind/Robotics-Session7-Assignment/Session7_ros2_ws/install/custom_interfaces/include/custom_interfaces/custom_interfaces/srv/detail/find_closest_wall__rosidl_typesupport_introspection_cpp.hpp
[6.722s] -- Up-to-date: /home/mohamad/Inmind/Robotics-Session7-Assignment/Session7_ros2_ws/install/custom_interfaces/lib/libcustom_interfaces__rosidl_typesupport_introspection_cpp.so
[6.724s] -- Up-to-date: /home/mohamad/Inmind/Robotics-Session7-Assignment/Session7_ros2_ws/install/custom_interfaces/lib/libcustom_interfaces__rosidl_typesupport_cpp.so
[6.724s] -- Up-to-date: /home/mohamad/Inmind/Robotics-Session7-Assignment/Session7_ros2_ws/install/custom_interfaces/share/custom_interfaces/environment/pythonpath.sh
[6.724s] -- Up-to-date: /home/mohamad/Inmind/Robotics-Session7-Assignment/Session7_ros2_ws/install/custom_interfaces/share/custom_interfaces/environment/pythonpath.dsv
[6.724s] -- Up-to-date: /home/mohamad/Inmind/Robotics-Session7-Assignment/Session7_ros2_ws/install/custom_interfaces/local/lib/python3.10/dist-packages/custom_interfaces-0.0.0-py3.10.egg-info
[6.725s] -- Installing: /home/mohamad/Inmind/Robotics-Session7-Assignment/Session7_ros2_ws/install/custom_interfaces/local/lib/python3.10/dist-packages/custom_interfaces-0.0.0-py3.10.egg-info/top_level.txt
[6.725s] -- Installing: /home/mohamad/Inmind/Robotics-Session7-Assignment/Session7_ros2_ws/install/custom_interfaces/local/lib/python3.10/dist-packages/custom_interfaces-0.0.0-py3.10.egg-info/dependency_links.txt
[6.725s] -- Installing: /home/mohamad/Inmind/Robotics-Session7-Assignment/Session7_ros2_ws/install/custom_interfaces/local/lib/python3.10/dist-packages/custom_interfaces-0.0.0-py3.10.egg-info/PKG-INFO
[6.725s] -- Installing: /home/mohamad/Inmind/Robotics-Session7-Assignment/Session7_ros2_ws/install/custom_interfaces/local/lib/python3.10/dist-packages/custom_interfaces-0.0.0-py3.10.egg-info/SOURCES.txt
[6.735s] -- Up-to-date: /home/mohamad/Inmind/Robotics-Session7-Assignment/Session7_ros2_ws/install/custom_interfaces/local/lib/python3.10/dist-packages/custom_interfaces
[6.736s] -- Up-to-date: /home/mohamad/Inmind/Robotics-Session7-Assignment/Session7_ros2_ws/install/custom_interfaces/local/lib/python3.10/dist-packages/custom_interfaces/custom_interfaces_s__rosidl_typesupport_fastrtps_c.cpython-310-x86_64-linux-gnu.so
[6.736s] -- Up-to-date: /home/mohamad/Inmind/Robotics-Session7-Assignment/Session7_ros2_ws/install/custom_interfaces/local/lib/python3.10/dist-packages/custom_interfaces/custom_interfaces_s__rosidl_typesupport_introspection_c.cpython-310-x86_64-linux-gnu.so
[6.736s] -- Up-to-date: /home/mohamad/Inmind/Robotics-Session7-Assignment/Session7_ros2_ws/install/custom_interfaces/local/lib/python3.10/dist-packages/custom_interfaces/libcustom_interfaces__rosidl_generator_py.so
[6.736s] -- Up-to-date: /home/mohamad/Inmind/Robotics-Session7-Assignment/Session7_ros2_ws/install/custom_interfaces/local/lib/python3.10/dist-packages/custom_interfaces/_custom_interfaces_s.ep.rosidl_typesupport_introspection_c.c
[6.736s] -- Up-to-date: /home/mohamad/Inmind/Robotics-Session7-Assignment/Session7_ros2_ws/install/custom_interfaces/local/lib/python3.10/dist-packages/custom_interfaces/srv
[6.736s] -- Up-to-date: /home/mohamad/Inmind/Robotics-Session7-Assignment/Session7_ros2_ws/install/custom_interfaces/local/lib/python3.10/dist-packages/custom_interfaces/srv/_find_closest_wall_s.c
[6.736s] -- Up-to-date: /home/mohamad/Inmind/Robotics-Session7-Assignment/Session7_ros2_ws/install/custom_interfaces/local/lib/python3.10/dist-packages/custom_interfaces/srv/__init__.py
[6.736s] -- Up-to-date: /home/mohamad/Inmind/Robotics-Session7-Assignment/Session7_ros2_ws/install/custom_interfaces/local/lib/python3.10/dist-packages/custom_interfaces/srv/_find_closest_wall.py
[6.736s] -- Up-to-date: /home/mohamad/Inmind/Robotics-Session7-Assignment/Session7_ros2_ws/install/custom_interfaces/local/lib/python3.10/dist-packages/custom_interfaces/_custom_interfaces_s.ep.rosidl_typesupport_c.c
[6.737s] -- Up-to-date: /home/mohamad/Inmind/Robotics-Session7-Assignment/Session7_ros2_ws/install/custom_interfaces/local/lib/python3.10/dist-packages/custom_interfaces/__init__.py
[6.737s] -- Up-to-date: /home/mohamad/Inmind/Robotics-Session7-Assignment/Session7_ros2_ws/install/custom_interfaces/local/lib/python3.10/dist-packages/custom_interfaces/_custom_interfaces_s.ep.rosidl_typesupport_fastrtps_c.c
[6.737s] -- Up-to-date: /home/mohamad/Inmind/Robotics-Session7-Assignment/Session7_ros2_ws/install/custom_interfaces/local/lib/python3.10/dist-packages/custom_interfaces/custom_interfaces_s__rosidl_typesupport_c.cpython-310-x86_64-linux-gnu.so
[6.940s] Listing '/home/mohamad/Inmind/Robotics-Session7-Assignment/Session7_ros2_ws/install/custom_interfaces/local/lib/python3.10/dist-packages/custom_interfaces'...
[6.940s] Listing '/home/mohamad/Inmind/Robotics-Session7-Assignment/Session7_ros2_ws/install/custom_interfaces/local/lib/python3.10/dist-packages/custom_interfaces/srv'...
[6.966s] -- Up-to-date: /home/mohamad/Inmind/Robotics-Session7-Assignment/Session7_ros2_ws/install/custom_interfaces/local/lib/python3.10/dist-packages/custom_interfaces/custom_interfaces_s__rosidl_typesupport_fastrtps_c.cpython-310-x86_64-linux-gnu.so
[6.966s] -- Up-to-date: /home/mohamad/Inmind/Robotics-Session7-Assignment/Session7_ros2_ws/install/custom_interfaces/local/lib/python3.10/dist-packages/custom_interfaces/custom_interfaces_s__rosidl_typesupport_introspection_c.cpython-310-x86_64-linux-gnu.so
[6.967s] -- Up-to-date: /home/mohamad/Inmind/Robotics-Session7-Assignment/Session7_ros2_ws/install/custom_interfaces/local/lib/python3.10/dist-packages/custom_interfaces/custom_interfaces_s__rosidl_typesupport_c.cpython-310-x86_64-linux-gnu.so
[6.967s] -- Up-to-date: /home/mohamad/Inmind/Robotics-Session7-Assignment/Session7_ros2_ws/install/custom_interfaces/lib/libcustom_interfaces__rosidl_generator_py.so
[6.975s] -- Up-to-date: /home/mohamad/Inmind/Robotics-Session7-Assignment/Session7_ros2_ws/install/custom_interfaces/share/custom_interfaces/srv/FindClosestWall.idl
[6.976s] -- Up-to-date: /home/mohamad/Inmind/Robotics-Session7-Assignment/Session7_ros2_ws/install/custom_interfaces/share/custom_interfaces/srv/FindClosestWall.srv
[6.977s] -- Up-to-date: /home/mohamad/Inmind/Robotics-Session7-Assignment/Session7_ros2_ws/install/custom_interfaces/share/custom_interfaces/srv/FindClosestWall_Request.msg
[6.977s] -- Up-to-date: /home/mohamad/Inmind/Robotics-Session7-Assignment/Session7_ros2_ws/install/custom_interfaces/share/custom_interfaces/srv/FindClosestWall_Response.msg
[6.978s] -- Up-to-date: /home/mohamad/Inmind/Robotics-Session7-Assignment/Session7_ros2_ws/install/custom_interfaces/share/ament_index/resource_index/package_run_dependencies/custom_interfaces
[6.978s] -- Up-to-date: /home/mohamad/Inmind/Robotics-Session7-Assignment/Session7_ros2_ws/install/custom_interfaces/share/ament_index/resource_index/parent_prefix_path/custom_interfaces
[6.979s] -- Up-to-date: /home/mohamad/Inmind/Robotics-Session7-Assignment/Session7_ros2_ws/install/custom_interfaces/share/custom_interfaces/environment/ament_prefix_path.sh
[6.979s] -- Up-to-date: /home/mohamad/Inmind/Robotics-Session7-Assignment/Session7_ros2_ws/install/custom_interfaces/share/custom_interfaces/environment/ament_prefix_path.dsv
[6.979s] -- Up-to-date: /home/mohamad/Inmind/Robotics-Session7-Assignment/Session7_ros2_ws/install/custom_interfaces/share/custom_interfaces/environment/path.sh
[6.983s] -- Up-to-date: /home/mohamad/Inmind/Robotics-Session7-Assignment/Session7_ros2_ws/install/custom_interfaces/share/custom_interfaces/environment/path.dsv
[6.983s] -- Up-to-date: /home/mohamad/Inmind/Robotics-Session7-Assignment/Session7_ros2_ws/install/custom_interfaces/share/custom_interfaces/local_setup.bash
[6.983s] -- Up-to-date: /home/mohamad/Inmind/Robotics-Session7-Assignment/Session7_ros2_ws/install/custom_interfaces/share/custom_interfaces/local_setup.sh
[6.983s] -- Up-to-date: /home/mohamad/Inmind/Robotics-Session7-Assignment/Session7_ros2_ws/install/custom_interfaces/share/custom_interfaces/local_setup.zsh
[6.983s] -- Up-to-date: /home/mohamad/Inmind/Robotics-Session7-Assignment/Session7_ros2_ws/install/custom_interfaces/share/custom_interfaces/local_setup.dsv
[6.984s] -- Installing: /home/mohamad/Inmind/Robotics-Session7-Assignment/Session7_ros2_ws/install/custom_interfaces/share/custom_interfaces/package.dsv
[6.984s] -- Up-to-date: /home/mohamad/Inmind/Robotics-Session7-Assignment/Session7_ros2_ws/install/custom_interfaces/share/ament_index/resource_index/packages/custom_interfaces
[6.985s] -- Up-to-date: /home/mohamad/Inmind/Robotics-Session7-Assignment/Session7_ros2_ws/install/custom_interfaces/share/custom_interfaces/cmake/export_custom_interfaces__rosidl_generator_cExport.cmake
[6.986s] -- Up-to-date: /home/mohamad/Inmind/Robotics-Session7-Assignment/Session7_ros2_ws/install/custom_interfaces/share/custom_interfaces/cmake/export_custom_interfaces__rosidl_generator_cExport-noconfig.cmake
[6.986s] -- Up-to-date: /home/mohamad/Inmind/Robotics-Session7-Assignment/Session7_ros2_ws/install/custom_interfaces/share/custom_interfaces/cmake/export_custom_interfaces__rosidl_typesupport_fastrtps_cExport.cmake
[6.989s] -- Up-to-date: /home/mohamad/Inmind/Robotics-Session7-Assignment/Session7_ros2_ws/install/custom_interfaces/share/custom_interfaces/cmake/export_custom_interfaces__rosidl_typesupport_fastrtps_cExport-noconfig.cmake
[6.990s] -- Up-to-date: /home/mohamad/Inmind/Robotics-Session7-Assignment/Session7_ros2_ws/install/custom_interfaces/share/custom_interfaces/cmake/export_custom_interfaces__rosidl_generator_cppExport.cmake
[6.991s] -- Up-to-date: /home/mohamad/Inmind/Robotics-Session7-Assignment/Session7_ros2_ws/install/custom_interfaces/share/custom_interfaces/cmake/export_custom_interfaces__rosidl_typesupport_fastrtps_cppExport.cmake
[6.991s] -- Up-to-date: /home/mohamad/Inmind/Robotics-Session7-Assignment/Session7_ros2_ws/install/custom_interfaces/share/custom_interfaces/cmake/export_custom_interfaces__rosidl_typesupport_fastrtps_cppExport-noconfig.cmake
[6.992s] -- Up-to-date: /home/mohamad/Inmind/Robotics-Session7-Assignment/Session7_ros2_ws/install/custom_interfaces/share/custom_interfaces/cmake/custom_interfaces__rosidl_typesupport_introspection_cExport.cmake
[6.993s] -- Up-to-date: /home/mohamad/Inmind/Robotics-Session7-Assignment/Session7_ros2_ws/install/custom_interfaces/share/custom_interfaces/cmake/custom_interfaces__rosidl_typesupport_introspection_cExport-noconfig.cmake
[6.994s] -- Up-to-date: /home/mohamad/Inmind/Robotics-Session7-Assignment/Session7_ros2_ws/install/custom_interfaces/share/custom_interfaces/cmake/custom_interfaces__rosidl_typesupport_cExport.cmake
[6.996s] -- Up-to-date: /home/mohamad/Inmind/Robotics-Session7-Assignment/Session7_ros2_ws/install/custom_interfaces/share/custom_interfaces/cmake/custom_interfaces__rosidl_typesupport_cExport-noconfig.cmake
[6.998s] -- Up-to-date: /home/mohamad/Inmind/Robotics-Session7-Assignment/Session7_ros2_ws/install/custom_interfaces/share/custom_interfaces/cmake/custom_interfaces__rosidl_typesupport_introspection_cppExport.cmake
[6.998s] -- Up-to-date: /home/mohamad/Inmind/Robotics-Session7-Assignment/Session7_ros2_ws/install/custom_interfaces/share/custom_interfaces/cmake/custom_interfaces__rosidl_typesupport_introspection_cppExport-noconfig.cmake
[6.998s] -- Up-to-date: /home/mohamad/Inmind/Robotics-Session7-Assignment/Session7_ros2_ws/install/custom_interfaces/share/custom_interfaces/cmake/custom_interfaces__rosidl_typesupport_cppExport.cmake
[7.003s] -- Up-to-date: /home/mohamad/Inmind/Robotics-Session7-Assignment/Session7_ros2_ws/install/custom_interfaces/share/custom_interfaces/cmake/custom_interfaces__rosidl_typesupport_cppExport-noconfig.cmake
[7.003s] -- Up-to-date: /home/mohamad/Inmind/Robotics-Session7-Assignment/Session7_ros2_ws/install/custom_interfaces/share/custom_interfaces/cmake/export_custom_interfaces__rosidl_generator_pyExport.cmake
[7.005s] -- Up-to-date: /home/mohamad/Inmind/Robotics-Session7-Assignment/Session7_ros2_ws/install/custom_interfaces/share/custom_interfaces/cmake/export_custom_interfaces__rosidl_generator_pyExport-noconfig.cmake
[7.006s] -- Up-to-date: /home/mohamad/Inmind/Robotics-Session7-Assignment/Session7_ros2_ws/install/custom_interfaces/share/custom_interfaces/cmake/rosidl_cmake-extras.cmake
[7.006s] -- Up-to-date: /home/mohamad/Inmind/Robotics-Session7-Assignment/Session7_ros2_ws/install/custom_interfaces/share/custom_interfaces/cmake/ament_cmake_export_include_directories-extras.cmake
[7.007s] -- Up-to-date: /home/mohamad/Inmind/Robotics-Session7-Assignment/Session7_ros2_ws/install/custom_interfaces/share/custom_interfaces/cmake/ament_cmake_export_libraries-extras.cmake
[7.007s] -- Up-to-date: /home/mohamad/Inmind/Robotics-Session7-Assignment/Session7_ros2_ws/install/custom_interfaces/share/custom_interfaces/cmake/ament_cmake_export_targets-extras.cmake
[7.008s] -- Up-to-date: /home/mohamad/Inmind/Robotics-Session7-Assignment/Session7_ros2_ws/install/custom_interfaces/share/custom_interfaces/cmake/rosidl_cmake_export_typesupport_targets-extras.cmake
[7.008s] -- Up-to-date: /home/mohamad/Inmind/Robotics-Session7-Assignment/Session7_ros2_ws/install/custom_interfaces/share/custom_interfaces/cmake/ament_cmake_export_dependencies-extras.cmake
[7.009s] -- Up-to-date: /home/mohamad/Inmind/Robotics-Session7-Assignment/Session7_ros2_ws/install/custom_interfaces/share/custom_interfaces/cmake/rosidl_cmake_export_typesupport_libraries-extras.cmake
[7.009s] -- Up-to-date: /home/mohamad/Inmind/Robotics-Session7-Assignment/Session7_ros2_ws/install/custom_interfaces/share/custom_interfaces/cmake/custom_interfacesConfig.cmake
[7.010s] -- Up-to-date: /home/mohamad/Inmind/Robotics-Session7-Assignment/Session7_ros2_ws/install/custom_interfaces/share/custom_interfaces/cmake/custom_interfacesConfig-version.cmake
[7.010s] -- Up-to-date: /home/mohamad/Inmind/Robotics-Session7-Assignment/Session7_ros2_ws/install/custom_interfaces/share/custom_interfaces/package.xml
[7.013s] Invoked command in '/home/mohamad/Inmind/Robotics-Session7-Assignment/Session7_ros2_ws/build/custom_interfaces' returned '0': CMAKE_PREFIX_PATH=${CMAKE_PREFIX_PATH}:/home/mohamad/Inmind/Robotics-Session7-Assignment/Session7_ros2_ws/install/navigation_robot:/home/mohamad/Inmind/Robotics-Session6-Assignment/Session6_ros2_ws/install/session6_assignment:/home/mohamad/Inmind/ros2_ws/install/session5_academy:/home/mohamad/Inmind/Robotics-Session5-Ros2/session5_ros2_ws/install/session5_assignment:/home/mohamad/ros2_ws/install/my_robot_controller:/opt/ros/humble /usr/bin/cmake --install /home/mohamad/Inmind/Robotics-Session7-Assignment/Session7_ros2_ws/build/custom_interfaces
