[4.652s] Invoking command in '/home/mohamad/Inmind/Robotics-Session7-Assignment/Session7_ros2_ws/src/navigation_robot': PYTHONPATH=/home/mohamad/Inmind/Robotics-Session7-Assignment/Session7_ros2_ws/build/navigation_robot/prefix_override:/usr/lib/python3/dist-packages/colcon_core/task/python/colcon_distutils_commands:/home/mohamad/Inmind/Robotics-Session7-Assignment/Session7_ros2_ws/install/navigation_robot/lib/python3.10/site-packages:${PYTHONPATH} /usr/bin/python3 -W ignore:setup.py install is deprecated setup.py egg_info --egg-base ../../build/navigation_robot build --build-base /home/mohamad/Inmind/Robotics-Session7-Assignment/Session7_ros2_ws/build/navigation_robot/build install --record /home/mohamad/Inmind/Robotics-Session7-Assignment/Session7_ros2_ws/build/navigation_robot/install.log --single-version-externally-managed install_data
[5.526s] running egg_info
[5.528s] writing ../../build/navigation_robot/navigation_robot.egg-info/PKG-INFO
[5.530s] writing dependency_links to ../../build/navigation_robot/navigation_robot.egg-info/dependency_links.txt
[5.533s] writing entry points to ../../build/navigation_robot/navigation_robot.egg-info/entry_points.txt
[5.533s] writing requirements to ../../build/navigation_robot/navigation_robot.egg-info/requires.txt
[5.534s] writing top-level names to ../../build/navigation_robot/navigation_robot.egg-info/top_level.txt
[5.541s] reading manifest file '../../build/navigation_robot/navigation_robot.egg-info/SOURCES.txt'
[5.556s] writing manifest file '../../build/navigation_robot/navigation_robot.egg-info/SOURCES.txt'
[5.558s] running build
[5.558s] running build_py
[5.559s] copying navigation_robot/lap_time_server.py -> /home/mohamad/Inmind/Robotics-Session7-Assignment/Session7_ros2_ws/build/navigation_robot/build/lib/navigation_robot
[5.559s] copying navigation_robot/lap_time_client.py -> /home/mohamad/Inmind/Robotics-Session7-Assignment/Session7_ros2_ws/build/navigation_robot/build/lib/navigation_robot
[5.559s] running install
[5.562s] running install_lib
[5.562s] copying /home/mohamad/Inmind/Robotics-Session7-Assignment/Session7_ros2_ws/build/navigation_robot/build/lib/navigation_robot/lap_time_server.py -> /home/mohamad/Inmind/Robotics-Session7-Assignment/Session7_ros2_ws/install/navigation_robot/lib/python3.10/site-packages/navigation_robot
[5.562s] copying /home/mohamad/Inmind/Robotics-Session7-Assignment/Session7_ros2_ws/build/navigation_robot/build/lib/navigation_robot/lap_time_client.py -> /home/mohamad/Inmind/Robotics-Session7-Assignment/Session7_ros2_ws/install/navigation_robot/lib/python3.10/site-packages/navigation_robot
[5.563s] byte-compiling /home/mohamad/Inmind/Robotics-Session7-Assignment/Session7_ros2_ws/install/navigation_robot/lib/python3.10/site-packages/navigation_robot/lap_time_server.py to lap_time_server.cpython-310.pyc
[5.563s] byte-compiling /home/mohamad/Inmind/Robotics-Session7-Assignment/Session7_ros2_ws/install/navigation_robot/lib/python3.10/site-packages/navigation_robot/lap_time_client.py to lap_time_client.cpython-310.pyc
[5.569s] running install_data
[5.570s] running install_egg_info
[5.573s] removing '/home/mohamad/Inmind/Robotics-Session7-Assignment/Session7_ros2_ws/install/navigation_robot/lib/python3.10/site-packages/navigation_robot-0.0.0-py3.10.egg-info' (and everything under it)
[5.588s] Copying ../../build/navigation_robot/navigation_robot.egg-info to /home/mohamad/Inmind/Robotics-Session7-Assignment/Session7_ros2_ws/install/navigation_robot/lib/python3.10/site-packages/navigation_robot-0.0.0-py3.10.egg-info
[5.595s] running install_scripts
[5.724s] Installing lap_time_client script to /home/mohamad/Inmind/Robotics-Session7-Assignment/Session7_ros2_ws/install/navigation_robot/lib/navigation_robot
[5.731s] Installing lap_time_server script to /home/mohamad/Inmind/Robotics-Session7-Assignment/Session7_ros2_ws/install/navigation_robot/lib/navigation_robot
[5.743s] Installing robot_driver script to /home/mohamad/Inmind/Robotics-Session7-Assignment/Session7_ros2_ws/install/navigation_robot/lib/navigation_robot
[5.748s] Installing wall_finder script to /home/mohamad/Inmind/Robotics-Session7-Assignment/Session7_ros2_ws/install/navigation_robot/lib/navigation_robot
[5.748s] writing list of installed files to '/home/mohamad/Inmind/Robotics-Session7-Assignment/Session7_ros2_ws/build/navigation_robot/install.log'
[5.866s] Invoked command in '/home/mohamad/Inmind/Robotics-Session7-Assignment/Session7_ros2_ws/src/navigation_robot' returned '0': PYTHONPATH=/home/mohamad/Inmind/Robotics-Session7-Assignment/Session7_ros2_ws/build/navigation_robot/prefix_override:/usr/lib/python3/dist-packages/colcon_core/task/python/colcon_distutils_commands:/home/mohamad/Inmind/Robotics-Session7-Assignment/Session7_ros2_ws/install/navigation_robot/lib/python3.10/site-packages:${PYTHONPATH} /usr/bin/python3 -W ignore:setup.py install is deprecated setup.py egg_info --egg-base ../../build/navigation_robot build --build-base /home/mohamad/Inmind/Robotics-Session7-Assignment/Session7_ros2_ws/build/navigation_robot/build install --record /home/mohamad/Inmind/Robotics-Session7-Assignment/Session7_ros2_ws/build/navigation_robot/install.log --single-version-externally-managed install_data
